[0.094s] Invoking command in '/home/kimani21/servo_ws/build/servo_control': /usr/bin/cmake --build /home/kimani21/servo_ws/build/servo_control -- -j8 -l8
[0.157s] -- Found ament_cmake: 1.3.11 (/opt/ros/humble/share/ament_cmake/cmake)
[0.393s] -- Found rclcpp: 16.0.12 (/opt/ros/humble/share/rclcpp/cmake)
[0.629s] -- Found rosidl_generator_c: 3.1.6 (/opt/ros/humble/share/rosidl_generator_c/cmake)
[0.636s] -- Found rosidl_adapter: 3.1.6 (/opt/ros/humble/share/rosidl_adapter/cmake)
[0.652s] -- Found rosidl_generator_cpp: 3.1.6 (/opt/ros/humble/share/rosidl_generator_cpp/cmake)
[0.677s] -- Using all available rosidl_typesupport_c: rosidl_typesupport_fastrtps_c;rosidl_typesupport_introspection_c
[0.706s] -- Using all available rosidl_typesupport_cpp: rosidl_typesupport_fastrtps_cpp;rosidl_typesupport_introspection_cpp
[0.837s] -- Found rmw_implementation_cmake: 6.1.2 (/opt/ros/humble/share/rmw_implementation_cmake/cmake)
[0.844s] -- Found rmw_fastrtps_cpp: 6.2.7 (/opt/ros/humble/share/rmw_fastrtps_cpp/cmake)
[6.206s] -- Using RMW implementation 'rmw_fastrtps_cpp' as default
[6.326s] -- Found rosidl_default_generators: 1.2.0 (/opt/ros/humble/share/rosidl_default_generators/cmake)
[6.343s] -- Found serial: 1.2.1 (/home/kimani21/servo_ws/install/serial/share/serial/cmake)
[6.684s] -- Found ament_cmake_ros: 0.10.0 (/opt/ros/humble/share/ament_cmake_ros/cmake)
[7.133s] -- Using all available rosidl_typesupport_c: rosidl_typesupport_fastrtps_c;rosidl_typesupport_introspection_c
[7.298s] -- Using all available rosidl_typesupport_cpp: rosidl_typesupport_fastrtps_cpp;rosidl_typesupport_introspection_cpp
[7.335s] -- Found python_cmake_module: 0.10.0 (/opt/ros/humble/share/python_cmake_module/cmake)
[7.373s] -- Using PYTHON_EXECUTABLE: /usr/bin/python3
[7.373s] -- Using PYTHON_INCLUDE_DIRS: /usr/include/python3.10
[7.373s] -- Using PYTHON_LIBRARIES: /usr/lib/x86_64-linux-gnu/libpython3.10.so
[7.444s] -- Configuring done
[7.531s] -- Generating done
[7.548s] -- Build files have been written to: /home/kimani21/servo_ws/build/servo_control
[7.620s] [35m[1mConsolidate compiler generated dependencies of target servo_control__rosidl_generator_c[0m
[7.643s] [  3%] Built target servo_control__cpp
[7.649s] [ 12%] Built target servo_control__rosidl_generator_c
[7.685s] [35m[1mConsolidate compiler generated dependencies of target servo_control__rosidl_typesupport_fastrtps_cpp[0m
[7.685s] [35m[1mConsolidate compiler generated dependencies of target servo_control__rosidl_typesupport_cpp[0m
[7.686s] [35m[1mConsolidate compiler generated dependencies of target servo_control__rosidl_typesupport_introspection_cpp[0m
[7.690s] [ 12%] Built target ament_cmake_python_copy_servo_control
[7.691s] [35m[1mConsolidate compiler generated dependencies of target servo_control__rosidl_typesupport_introspection_c[0m
[7.692s] [35m[1mConsolidate compiler generated dependencies of target servo_control__rosidl_typesupport_c[0m
[7.694s] [35m[1mConsolidate compiler generated dependencies of target servo_control__rosidl_typesupport_fastrtps_c[0m
[7.733s] [ 27%] Built target servo_control__rosidl_typesupport_c
[7.733s] [ 30%] Built target servo_control__rosidl_typesupport_fastrtps_cpp
[7.734s] [ 39%] Built target servo_control__rosidl_typesupport_cpp
[7.737s] [ 48%] Built target servo_control__rosidl_typesupport_introspection_c
[7.738s] [ 57%] Built target servo_control__rosidl_typesupport_introspection_cpp
[7.741s] [ 66%] Built target servo_control__rosidl_typesupport_fastrtps_c
[7.764s] [35m[1mConsolidate compiler generated dependencies of target servo_service_node[0m
[7.796s] [ 66%] Built target servo_control
[7.801s] [ 72%] Built target servo_service_node
[7.847s] [ 75%] Built target servo_control__py
[7.876s] [35m[1mConsolidate compiler generated dependencies of target servo_control__rosidl_generator_py[0m
[7.904s] [ 81%] Built target servo_control__rosidl_generator_py
[7.931s] [35m[1mConsolidate compiler generated dependencies of target servo_control__rosidl_typesupport_fastrtps_c__pyext[0m
[7.932s] [35m[1mConsolidate compiler generated dependencies of target servo_control__rosidl_typesupport_c__pyext[0m
[7.939s] [35m[1mConsolidate compiler generated dependencies of target servo_control__rosidl_typesupport_introspection_c__pyext[0m
[7.964s] [ 87%] Built target servo_control__rosidl_typesupport_c__pyext
[7.965s] [ 93%] Built target servo_control__rosidl_typesupport_fastrtps_c__pyext
[7.972s] [100%] Built target servo_control__rosidl_typesupport_introspection_c__pyext
[8.100s] running egg_info
[8.100s] writing servo_control.egg-info/PKG-INFO
[8.101s] writing dependency_links to servo_control.egg-info/dependency_links.txt
[8.101s] writing top-level names to servo_control.egg-info/top_level.txt
[8.105s] reading manifest file 'servo_control.egg-info/SOURCES.txt'
[8.106s] writing manifest file 'servo_control.egg-info/SOURCES.txt'
[8.150s] [100%] Built target ament_cmake_python_build_servo_control_egg
[8.173s] Invoked command in '/home/kimani21/servo_ws/build/servo_control' returned '0': /usr/bin/cmake --build /home/kimani21/servo_ws/build/servo_control -- -j8 -l8
[8.177s] Invoking command in '/home/kimani21/servo_ws/build/servo_control': /usr/bin/cmake --install /home/kimani21/servo_ws/build/servo_control
[8.194s] -- Install configuration: ""
[8.194s] -- Up-to-date: /home/kimani21/servo_ws/install/servo_control/share/ament_index/resource_index/rosidl_interfaces/servo_control
[8.194s] -- Up-to-date: /home/kimani21/servo_ws/install/servo_control/include/servo_control/servo_control
[8.194s] -- Up-to-date: /home/kimani21/servo_ws/install/servo_control/include/servo_control/servo_control/msg
[8.195s] -- Up-to-date: /home/kimani21/servo_ws/install/servo_control/include/servo_control/servo_control/msg/rosidl_generator_c__visibility_control.h
[8.195s] -- Up-to-date: /home/kimani21/servo_ws/install/servo_control/include/servo_control/servo_control/srv
[8.195s] -- Up-to-date: /home/kimani21/servo_ws/install/servo_control/include/servo_control/servo_control/srv/detail
[8.195s] -- Up-to-date: /home/kimani21/servo_ws/install/servo_control/include/servo_control/servo_control/srv/detail/set_servo_angle__type_support.h
[8.195s] -- Up-to-date: /home/kimani21/servo_ws/install/servo_control/include/servo_control/servo_control/srv/detail/set_servo_angle__functions.h
[8.195s] -- Up-to-date: /home/kimani21/servo_ws/install/servo_control/include/servo_control/servo_control/srv/detail/set_servo_angle__struct.h
[8.195s] -- Up-to-date: /home/kimani21/servo_ws/install/servo_control/include/servo_control/servo_control/srv/detail/set_servo_angle__functions.c
[8.195s] -- Up-to-date: /home/kimani21/servo_ws/install/servo_control/include/servo_control/servo_control/srv/set_servo_angle.h
[8.195s] -- Up-to-date: /home/kimani21/servo_ws/install/servo_control/share/servo_control/environment/library_path.sh
[8.195s] -- Installing: /home/kimani21/servo_ws/install/servo_control/share/servo_control/environment/library_path.dsv
[8.197s] -- Up-to-date: /home/kimani21/servo_ws/install/servo_control/lib/libservo_control__rosidl_generator_c.so
[8.198s] -- Up-to-date: /home/kimani21/servo_ws/install/servo_control/include/servo_control/servo_control
[8.198s] -- Up-to-date: /home/kimani21/servo_ws/install/servo_control/include/servo_control/servo_control/msg
[8.198s] -- Up-to-date: /home/kimani21/servo_ws/install/servo_control/include/servo_control/servo_control/msg/rosidl_typesupport_fastrtps_c__visibility_control.h
[8.198s] -- Up-to-date: /home/kimani21/servo_ws/install/servo_control/include/servo_control/servo_control/srv
[8.198s] -- Up-to-date: /home/kimani21/servo_ws/install/servo_control/include/servo_control/servo_control/srv/detail
[8.198s] -- Up-to-date: /home/kimani21/servo_ws/install/servo_control/include/servo_control/servo_control/srv/detail/set_servo_angle__rosidl_typesupport_fastrtps_c.h
[8.200s] -- Up-to-date: /home/kimani21/servo_ws/install/servo_control/lib/libservo_control__rosidl_typesupport_fastrtps_c.so
[8.200s] -- Up-to-date: /home/kimani21/servo_ws/install/servo_control/include/servo_control/servo_control
[8.200s] -- Up-to-date: /home/kimani21/servo_ws/install/servo_control/include/servo_control/servo_control/msg
[8.201s] -- Up-to-date: /home/kimani21/servo_ws/install/servo_control/include/servo_control/servo_control/msg/rosidl_generator_cpp__visibility_control.hpp
[8.201s] -- Up-to-date: /home/kimani21/servo_ws/install/servo_control/include/servo_control/servo_control/srv
[8.201s] -- Up-to-date: /home/kimani21/servo_ws/install/servo_control/include/servo_control/servo_control/srv/detail
[8.201s] -- Up-to-date: /home/kimani21/servo_ws/install/servo_control/include/servo_control/servo_control/srv/detail/set_servo_angle__traits.hpp
[8.201s] -- Up-to-date: /home/kimani21/servo_ws/install/servo_control/include/servo_control/servo_control/srv/detail/set_servo_angle__builder.hpp
[8.201s] -- Up-to-date: /home/kimani21/servo_ws/install/servo_control/include/servo_control/servo_control/srv/detail/set_servo_angle__struct.hpp
[8.201s] -- Up-to-date: /home/kimani21/servo_ws/install/servo_control/include/servo_control/servo_control/srv/detail/set_servo_angle__type_support.hpp
[8.201s] -- Up-to-date: /home/kimani21/servo_ws/install/servo_control/include/servo_control/servo_control/srv/set_servo_angle.hpp
[8.201s] -- Up-to-date: /home/kimani21/servo_ws/install/servo_control/include/servo_control/servo_control
[8.202s] -- Up-to-date: /home/kimani21/servo_ws/install/servo_control/include/servo_control/servo_control/msg
[8.202s] -- Up-to-date: /home/kimani21/servo_ws/install/servo_control/include/servo_control/servo_control/msg/rosidl_typesupport_fastrtps_cpp__visibility_control.h
[8.202s] -- Up-to-date: /home/kimani21/servo_ws/install/servo_control/include/servo_control/servo_control/srv
[8.202s] -- Up-to-date: /home/kimani21/servo_ws/install/servo_control/include/servo_control/servo_control/srv/detail
[8.202s] -- Up-to-date: /home/kimani21/servo_ws/install/servo_control/include/servo_control/servo_control/srv/detail/set_servo_angle__rosidl_typesupport_fastrtps_cpp.hpp
[8.202s] -- Up-to-date: /home/kimani21/servo_ws/install/servo_control/include/servo_control/servo_control/srv/detail/dds_fastrtps
[8.203s] -- Up-to-date: /home/kimani21/servo_ws/install/servo_control/lib/libservo_control__rosidl_typesupport_fastrtps_cpp.so
[8.203s] -- Up-to-date: /home/kimani21/servo_ws/install/servo_control/include/servo_control/servo_control
[8.204s] -- Up-to-date: /home/kimani21/servo_ws/install/servo_control/include/servo_control/servo_control/msg
[8.204s] -- Up-to-date: /home/kimani21/servo_ws/install/servo_control/include/servo_control/servo_control/msg/rosidl_typesupport_introspection_c__visibility_control.h
[8.204s] -- Up-to-date: /home/kimani21/servo_ws/install/servo_control/include/servo_control/servo_control/srv
[8.204s] -- Up-to-date: /home/kimani21/servo_ws/install/servo_control/include/servo_control/servo_control/srv/detail
[8.204s] -- Up-to-date: /home/kimani21/servo_ws/install/servo_control/include/servo_control/servo_control/srv/detail/set_servo_angle__type_support.c
[8.204s] -- Up-to-date: /home/kimani21/servo_ws/install/servo_control/include/servo_control/servo_control/srv/detail/set_servo_angle__rosidl_typesupport_introspection_c.h
[8.205s] -- Up-to-date: /home/kimani21/servo_ws/install/servo_control/lib/libservo_control__rosidl_typesupport_introspection_c.so
[8.206s] -- Up-to-date: /home/kimani21/servo_ws/install/servo_control/lib/libservo_control__rosidl_typesupport_c.so
[8.207s] -- Up-to-date: /home/kimani21/servo_ws/install/servo_control/include/servo_control/servo_control
[8.207s] -- Up-to-date: /home/kimani21/servo_ws/install/servo_control/include/servo_control/servo_control/srv
[8.207s] -- Up-to-date: /home/kimani21/servo_ws/install/servo_control/include/servo_control/servo_control/srv/detail
[8.207s] -- Up-to-date: /home/kimani21/servo_ws/install/servo_control/include/servo_control/servo_control/srv/detail/set_servo_angle__rosidl_typesupport_introspection_cpp.hpp
[8.207s] -- Up-to-date: /home/kimani21/servo_ws/install/servo_control/include/servo_control/servo_control/srv/detail/set_servo_angle__type_support.cpp
[8.208s] -- Up-to-date: /home/kimani21/servo_ws/install/servo_control/lib/libservo_control__rosidl_typesupport_introspection_cpp.so
[8.210s] -- Up-to-date: /home/kimani21/servo_ws/install/servo_control/lib/libservo_control__rosidl_typesupport_cpp.so
[8.210s] -- Up-to-date: /home/kimani21/servo_ws/install/servo_control/share/servo_control/environment/pythonpath.sh
[8.210s] -- Installing: /home/kimani21/servo_ws/install/servo_control/share/servo_control/environment/pythonpath.dsv
[8.210s] -- Up-to-date: /home/kimani21/servo_ws/install/servo_control/local/lib/python3.10/dist-packages/servo_control-0.0.1-py3.10.egg-info
[8.211s] -- Installing: /home/kimani21/servo_ws/install/servo_control/local/lib/python3.10/dist-packages/servo_control-0.0.1-py3.10.egg-info/SOURCES.txt
[8.211s] -- Installing: /home/kimani21/servo_ws/install/servo_control/local/lib/python3.10/dist-packages/servo_control-0.0.1-py3.10.egg-info/top_level.txt
[8.211s] -- Installing: /home/kimani21/servo_ws/install/servo_control/local/lib/python3.10/dist-packages/servo_control-0.0.1-py3.10.egg-info/PKG-INFO
[8.211s] -- Installing: /home/kimani21/servo_ws/install/servo_control/local/lib/python3.10/dist-packages/servo_control-0.0.1-py3.10.egg-info/dependency_links.txt
[8.212s] -- Up-to-date: /home/kimani21/servo_ws/install/servo_control/local/lib/python3.10/dist-packages/servo_control
[8.212s] -- Up-to-date: /home/kimani21/servo_ws/install/servo_control/local/lib/python3.10/dist-packages/servo_control/servo_control_s__rosidl_typesupport_c.cpython-310-x86_64-linux-gnu.so
[8.212s] -- Up-to-date: /home/kimani21/servo_ws/install/servo_control/local/lib/python3.10/dist-packages/servo_control/_servo_control_s.ep.rosidl_typesupport_fastrtps_c.c
[8.212s] -- Up-to-date: /home/kimani21/servo_ws/install/servo_control/local/lib/python3.10/dist-packages/servo_control/servo_control_s__rosidl_typesupport_introspection_c.cpython-310-x86_64-linux-gnu.so
[8.212s] -- Up-to-date: /home/kimani21/servo_ws/install/servo_control/local/lib/python3.10/dist-packages/servo_control/libservo_control__rosidl_generator_py.so
[8.212s] -- Installing: /home/kimani21/servo_ws/install/servo_control/local/lib/python3.10/dist-packages/servo_control/__init__.py
[8.212s] -- Up-to-date: /home/kimani21/servo_ws/install/servo_control/local/lib/python3.10/dist-packages/servo_control/_servo_control_s.ep.rosidl_typesupport_c.c
[8.213s] -- Up-to-date: /home/kimani21/servo_ws/install/servo_control/local/lib/python3.10/dist-packages/servo_control/_servo_control_s.ep.rosidl_typesupport_introspection_c.c
[8.213s] -- Up-to-date: /home/kimani21/servo_ws/install/servo_control/local/lib/python3.10/dist-packages/servo_control/servo_control_s__rosidl_typesupport_fastrtps_c.cpython-310-x86_64-linux-gnu.so
[8.213s] -- Up-to-date: /home/kimani21/servo_ws/install/servo_control/local/lib/python3.10/dist-packages/servo_control/srv
[8.213s] -- Up-to-date: /home/kimani21/servo_ws/install/servo_control/local/lib/python3.10/dist-packages/servo_control/srv/__init__.py
[8.213s] -- Up-to-date: /home/kimani21/servo_ws/install/servo_control/local/lib/python3.10/dist-packages/servo_control/srv/_set_servo_angle.py
[8.213s] -- Up-to-date: /home/kimani21/servo_ws/install/servo_control/local/lib/python3.10/dist-packages/servo_control/srv/_set_servo_angle_s.c
[8.265s] Listing '/home/kimani21/servo_ws/install/servo_control/local/lib/python3.10/dist-packages/servo_control'...
[8.265s] Compiling '/home/kimani21/servo_ws/install/servo_control/local/lib/python3.10/dist-packages/servo_control/__init__.py'...
[8.265s] Listing '/home/kimani21/servo_ws/install/servo_control/local/lib/python3.10/dist-packages/servo_control/srv'...
[8.273s] -- Up-to-date: /home/kimani21/servo_ws/install/servo_control/local/lib/python3.10/dist-packages/servo_control/servo_control_s__rosidl_typesupport_fastrtps_c.cpython-310-x86_64-linux-gnu.so
[8.274s] -- Up-to-date: /home/kimani21/servo_ws/install/servo_control/local/lib/python3.10/dist-packages/servo_control/servo_control_s__rosidl_typesupport_introspection_c.cpython-310-x86_64-linux-gnu.so
[8.275s] -- Up-to-date: /home/kimani21/servo_ws/install/servo_control/local/lib/python3.10/dist-packages/servo_control/servo_control_s__rosidl_typesupport_c.cpython-310-x86_64-linux-gnu.so
[8.277s] -- Up-to-date: /home/kimani21/servo_ws/install/servo_control/lib/libservo_control__rosidl_generator_py.so
[8.277s] -- Up-to-date: /home/kimani21/servo_ws/install/servo_control/share/servo_control/srv/SetServoAngle.idl
[8.277s] -- Up-to-date: /home/kimani21/servo_ws/install/servo_control/share/servo_control/srv/SetServoAngle.srv
[8.277s] -- Up-to-date: /home/kimani21/servo_ws/install/servo_control/share/servo_control/srv/SetServoAngle_Request.msg
[8.277s] -- Up-to-date: /home/kimani21/servo_ws/install/servo_control/share/servo_control/srv/SetServoAngle_Response.msg
[8.279s] -- Up-to-date: /home/kimani21/servo_ws/install/servo_control/lib/servo_control/servo_service_node
[8.280s] -- Installing: /home/kimani21/servo_ws/install/servo_control/share/servo_control/launch
[8.280s] -- Installing: /home/kimani21/servo_ws/install/servo_control/share/servo_control/launch/servo_service.launch.py
[8.281s] -- Up-to-date: /home/kimani21/servo_ws/install/servo_control/share/ament_index/resource_index/package_run_dependencies/servo_control
[8.281s] -- Up-to-date: /home/kimani21/servo_ws/install/servo_control/share/ament_index/resource_index/parent_prefix_path/servo_control
[8.281s] -- Up-to-date: /home/kimani21/servo_ws/install/servo_control/share/servo_control/environment/ament_prefix_path.sh
[8.281s] -- Installing: /home/kimani21/servo_ws/install/servo_control/share/servo_control/environment/ament_prefix_path.dsv
[8.281s] -- Up-to-date: /home/kimani21/servo_ws/install/servo_control/share/servo_control/environment/path.sh
[8.281s] -- Installing: /home/kimani21/servo_ws/install/servo_control/share/servo_control/environment/path.dsv
[8.282s] -- Up-to-date: /home/kimani21/servo_ws/install/servo_control/share/servo_control/local_setup.bash
[8.282s] -- Up-to-date: /home/kimani21/servo_ws/install/servo_control/share/servo_control/local_setup.sh
[8.282s] -- Up-to-date: /home/kimani21/servo_ws/install/servo_control/share/servo_control/local_setup.zsh
[8.282s] -- Installing: /home/kimani21/servo_ws/install/servo_control/share/servo_control/local_setup.dsv
[8.282s] -- Installing: /home/kimani21/servo_ws/install/servo_control/share/servo_control/package.dsv
[8.282s] -- Up-to-date: /home/kimani21/servo_ws/install/servo_control/share/ament_index/resource_index/packages/servo_control
[8.283s] -- Up-to-date: /home/kimani21/servo_ws/install/servo_control/share/servo_control/cmake/export_servo_control__rosidl_generator_cExport.cmake
[8.283s] -- Up-to-date: /home/kimani21/servo_ws/install/servo_control/share/servo_control/cmake/export_servo_control__rosidl_generator_cExport-noconfig.cmake
[8.284s] -- Up-to-date: /home/kimani21/servo_ws/install/servo_control/share/servo_control/cmake/export_servo_control__rosidl_typesupport_fastrtps_cExport.cmake
[8.284s] -- Up-to-date: /home/kimani21/servo_ws/install/servo_control/share/servo_control/cmake/export_servo_control__rosidl_typesupport_fastrtps_cExport-noconfig.cmake
[8.284s] -- Up-to-date: /home/kimani21/servo_ws/install/servo_control/share/servo_control/cmake/export_servo_control__rosidl_generator_cppExport.cmake
[8.285s] -- Up-to-date: /home/kimani21/servo_ws/install/servo_control/share/servo_control/cmake/export_servo_control__rosidl_typesupport_fastrtps_cppExport.cmake
[8.285s] -- Up-to-date: /home/kimani21/servo_ws/install/servo_control/share/servo_control/cmake/export_servo_control__rosidl_typesupport_fastrtps_cppExport-noconfig.cmake
[8.286s] -- Up-to-date: /home/kimani21/servo_ws/install/servo_control/share/servo_control/cmake/servo_control__rosidl_typesupport_introspection_cExport.cmake
[8.286s] -- Up-to-date: /home/kimani21/servo_ws/install/servo_control/share/servo_control/cmake/servo_control__rosidl_typesupport_introspection_cExport-noconfig.cmake
[8.286s] -- Up-to-date: /home/kimani21/servo_ws/install/servo_control/share/servo_control/cmake/servo_control__rosidl_typesupport_cExport.cmake
[8.287s] -- Up-to-date: /home/kimani21/servo_ws/install/servo_control/share/servo_control/cmake/servo_control__rosidl_typesupport_cExport-noconfig.cmake
[8.287s] -- Up-to-date: /home/kimani21/servo_ws/install/servo_control/share/servo_control/cmake/servo_control__rosidl_typesupport_introspection_cppExport.cmake
[8.287s] -- Up-to-date: /home/kimani21/servo_ws/install/servo_control/share/servo_control/cmake/servo_control__rosidl_typesupport_introspection_cppExport-noconfig.cmake
[8.288s] -- Up-to-date: /home/kimani21/servo_ws/install/servo_control/share/servo_control/cmake/servo_control__rosidl_typesupport_cppExport.cmake
[8.288s] -- Up-to-date: /home/kimani21/servo_ws/install/servo_control/share/servo_control/cmake/servo_control__rosidl_typesupport_cppExport-noconfig.cmake
[8.289s] -- Up-to-date: /home/kimani21/servo_ws/install/servo_control/share/servo_control/cmake/export_servo_control__rosidl_generator_pyExport.cmake
[8.289s] -- Up-to-date: /home/kimani21/servo_ws/install/servo_control/share/servo_control/cmake/export_servo_control__rosidl_generator_pyExport-noconfig.cmake
[8.289s] -- Up-to-date: /home/kimani21/servo_ws/install/servo_control/share/servo_control/cmake/rosidl_cmake-extras.cmake
[8.290s] -- Up-to-date: /home/kimani21/servo_ws/install/servo_control/share/servo_control/cmake/ament_cmake_export_include_directories-extras.cmake
[8.290s] -- Up-to-date: /home/kimani21/servo_ws/install/servo_control/share/servo_control/cmake/ament_cmake_export_libraries-extras.cmake
[8.290s] -- Up-to-date: /home/kimani21/servo_ws/install/servo_control/share/servo_control/cmake/ament_cmake_export_targets-extras.cmake
[8.290s] -- Up-to-date: /home/kimani21/servo_ws/install/servo_control/share/servo_control/cmake/rosidl_cmake_export_typesupport_targets-extras.cmake
[8.290s] -- Up-to-date: /home/kimani21/servo_ws/install/servo_control/share/servo_control/cmake/ament_cmake_export_dependencies-extras.cmake
[8.290s] -- Up-to-date: /home/kimani21/servo_ws/install/servo_control/share/servo_control/cmake/rosidl_cmake_export_typesupport_libraries-extras.cmake
[8.290s] -- Up-to-date: /home/kimani21/servo_ws/install/servo_control/share/servo_control/cmake/servo_controlConfig.cmake
[8.291s] -- Up-to-date: /home/kimani21/servo_ws/install/servo_control/share/servo_control/cmake/servo_controlConfig-version.cmake
[8.291s] -- Up-to-date: /home/kimani21/servo_ws/install/servo_control/share/servo_control/package.xml
[8.293s] Invoked command in '/home/kimani21/servo_ws/build/servo_control' returned '0': /usr/bin/cmake --install /home/kimani21/servo_ws/build/servo_control
