[0.034s] Invoking command in '/home/kimani21/servo_ws/build/serial': CMAKE_PREFIX_PATH=${CMAKE_PREFIX_PATH}:/home/kimani21/nav2_ws/install/nav2_simple_commander:/home/kimani21/dojo_robotics_2025/install/my_robot_package:/home/kimani21/dojo_robotics_2025/src/install/my_robot_package:/opt/ros/humble /usr/bin/cmake /home/kimani21/servo_ws/src/serial -DAMENT_CMAKE_SYMLINK_INSTALL=1 -DCMAKE_INSTALL_PREFIX=/home/kimani21/servo_ws/install/serial
[0.486s] -- The C compiler identification is GNU 11.4.0
[1.179s] -- The CXX compiler identification is GNU 11.4.0
[1.582s] -- Detecting C compiler ABI info
[1.848s] -- Detecting C compiler ABI info - done
[1.857s] -- Check for working C compiler: /usr/bin/cc - skipped
[1.858s] -- Detecting C compile features
[1.860s] -- Detecting C compile features - done
[1.866s] -- Detecting CXX compiler ABI info
[2.117s] -- Detecting CXX compiler ABI info - done
[2.126s] -- Check for working CXX compiler: /usr/bin/c++ - skipped
[2.126s] -- Detecting CXX compile features
[2.127s] -- Detecting CXX compile features - done
[2.185s] -- Found ament_cmake: 1.3.11 (/opt/ros/humble/share/ament_cmake/cmake)
[2.467s] -- Found Python3: /usr/bin/python3 (found version "3.10.12") found components: Interpreter 
[2.590s] -- Override CMake install command with custom implementation using symlinks instead of copying resources
[2.876s] -- Configuring done
[2.891s] -- Generating done
[2.896s] -- Build files have been written to: /home/kimani21/servo_ws/build/serial
[2.906s] Invoked command in '/home/kimani21/servo_ws/build/serial' returned '0': CMAKE_PREFIX_PATH=${CMAKE_PREFIX_PATH}:/home/kimani21/nav2_ws/install/nav2_simple_commander:/home/kimani21/dojo_robotics_2025/install/my_robot_package:/home/kimani21/dojo_robotics_2025/src/install/my_robot_package:/opt/ros/humble /usr/bin/cmake /home/kimani21/servo_ws/src/serial -DAMENT_CMAKE_SYMLINK_INSTALL=1 -DCMAKE_INSTALL_PREFIX=/home/kimani21/servo_ws/install/serial
[2.907s] Invoking command in '/home/kimani21/servo_ws/build/serial': CMAKE_PREFIX_PATH=${CMAKE_PREFIX_PATH}:/home/kimani21/nav2_ws/install/nav2_simple_commander:/home/kimani21/dojo_robotics_2025/install/my_robot_package:/home/kimani21/dojo_robotics_2025/src/install/my_robot_package:/opt/ros/humble /usr/bin/cmake --build /home/kimani21/servo_ws/build/serial -- -j8 -l8
[3.033s] [ 25%] [32mBuilding CXX object CMakeFiles/serial.dir/src/serial.cc.o[0m
[3.035s] [ 50%] [32mBuilding CXX object CMakeFiles/serial.dir/src/impl/unix.cc.o[0m
[3.035s] [ 75%] [32mBuilding CXX object CMakeFiles/serial.dir/src/impl/list_ports/list_ports_linux.cc.o[0m
[3.918s] [100%] [32m[1mLinking CXX static library libserial.a[0m
[4.003s] [100%] Built target serial
[4.028s] Invoked command in '/home/kimani21/servo_ws/build/serial' returned '0': CMAKE_PREFIX_PATH=${CMAKE_PREFIX_PATH}:/home/kimani21/nav2_ws/install/nav2_simple_commander:/home/kimani21/dojo_robotics_2025/install/my_robot_package:/home/kimani21/dojo_robotics_2025/src/install/my_robot_package:/opt/ros/humble /usr/bin/cmake --build /home/kimani21/servo_ws/build/serial -- -j8 -l8
[4.052s] Invoking command in '/home/kimani21/servo_ws/build/serial': CMAKE_PREFIX_PATH=${CMAKE_PREFIX_PATH}:/home/kimani21/nav2_ws/install/nav2_simple_commander:/home/kimani21/dojo_robotics_2025/install/my_robot_package:/home/kimani21/dojo_robotics_2025/src/install/my_robot_package:/opt/ros/humble /usr/bin/cmake --install /home/kimani21/servo_ws/build/serial
[4.070s] -- Install configuration: ""
[4.071s] -- Execute custom install script
[4.072s] -- Symlinking: /home/kimani21/servo_ws/install/serial/share/serial/environment/library_path.sh
[4.094s] -- Symlinking: /home/kimani21/servo_ws/install/serial/share/serial/environment/library_path.dsv
[4.113s] -- Symlinking: /home/kimani21/servo_ws/install/serial/lib/libserial.a
[4.133s] -- Symlinking: /home/kimani21/servo_ws/install/serial/include/serial/serial.h
[4.152s] -- Symlinking: /home/kimani21/servo_ws/install/serial/include/serial/v8stdint.h
[4.172s] -- Symlinking: /home/kimani21/servo_ws/install/serial/share/ament_index/resource_index/package_run_dependencies/serial
[4.192s] -- Symlinking: /home/kimani21/servo_ws/install/serial/share/ament_index/resource_index/parent_prefix_path/serial
[4.212s] -- Symlinking: /home/kimani21/servo_ws/install/serial/share/serial/environment/ament_prefix_path.sh
[4.232s] -- Symlinking: /home/kimani21/servo_ws/install/serial/share/serial/environment/ament_prefix_path.dsv
[4.251s] -- Symlinking: /home/kimani21/servo_ws/install/serial/share/serial/environment/path.sh
[4.270s] -- Symlinking: /home/kimani21/servo_ws/install/serial/share/serial/environment/path.dsv
[4.290s] -- Symlinking: /home/kimani21/servo_ws/install/serial/share/serial/local_setup.bash
[4.310s] -- Symlinking: /home/kimani21/servo_ws/install/serial/share/serial/local_setup.sh
[4.331s] -- Symlinking: /home/kimani21/servo_ws/install/serial/share/serial/local_setup.zsh
[4.352s] -- Symlinking: /home/kimani21/servo_ws/install/serial/share/serial/local_setup.dsv
[4.373s] -- Symlinking: /home/kimani21/servo_ws/install/serial/share/serial/package.dsv
[4.392s] -- Symlinking: /home/kimani21/servo_ws/install/serial/share/ament_index/resource_index/packages/serial
[4.412s] -- Symlinking: /home/kimani21/servo_ws/install/serial/share/serial/cmake/ament_cmake_export_include_directories-extras.cmake
[4.433s] -- Symlinking: /home/kimani21/servo_ws/install/serial/share/serial/cmake/ament_cmake_export_libraries-extras.cmake
[4.452s] -- Symlinking: /home/kimani21/servo_ws/install/serial/share/serial/cmake/serialConfig.cmake
[4.472s] -- Symlinking: /home/kimani21/servo_ws/install/serial/share/serial/cmake/serialConfig-version.cmake
[4.493s] -- Symlinking: /home/kimani21/servo_ws/install/serial/share/serial/package.xml
[4.515s] Invoked command in '/home/kimani21/servo_ws/build/serial' returned '0': CMAKE_PREFIX_PATH=${CMAKE_PREFIX_PATH}:/home/kimani21/nav2_ws/install/nav2_simple_commander:/home/kimani21/dojo_robotics_2025/install/my_robot_package:/home/kimani21/dojo_robotics_2025/src/install/my_robot_package:/opt/ros/humble /usr/bin/cmake --install /home/kimani21/servo_ws/build/serial
