[0.413s] DEBUG:colcon:Command line arguments: ['/usr/bin/colcon', 'build', '--symlink-install']
[0.413s] DEBUG:colcon:Parsed command line arguments: Namespace(log_base=None, log_level=None, verb_name='build', build_base='build', install_base='install', merge_install=False, symlink_install=True, test_result_base=None, continue_on_error=False, executor='parallel', parallel_workers=8, event_handlers=None, ignore_user_meta=False, metas=['./colcon.meta'], base_paths=['.'], packages_ignore=None, packages_ignore_regex=None, paths=None, packages_up_to=None, packages_up_to_regex=None, packages_above=None, packages_above_and_dependencies=None, packages_above_depth=None, packages_select_by_dep=None, packages_skip_by_dep=None, packages_skip_up_to=None, packages_select_build_failed=False, packages_skip_build_finished=False, packages_select_test_failures=False, packages_skip_test_passed=False, packages_select=None, packages_skip=None, packages_select_regex=None, packages_skip_regex=None, packages_start=None, packages_end=None, allow_overriding=[], cmake_args=None, cmake_target=None, cmake_target_skip_unavailable=False, cmake_clean_cache=False, cmake_clean_first=False, cmake_force_configure=False, ament_cmake_args=None, catkin_cmake_args=None, catkin_skip_building_tests=False, verb_parser=<colcon_defaults.argument_parser.defaults.DefaultArgumentsDecorator object at 0x7ec15f345b70>, verb_extension=<colcon_core.verb.build.BuildVerb object at 0x7ec15f345690>, main=<bound method BuildVerb.main of <colcon_core.verb.build.BuildVerb object at 0x7ec15f345690>>)
[0.855s] Level 1:colcon.colcon_core.package_discovery:discover_packages(colcon_meta) check parameters
[0.855s] Level 1:colcon.colcon_core.package_discovery:discover_packages(recursive) check parameters
[0.855s] Level 1:colcon.colcon_core.package_discovery:discover_packages(ignore) check parameters
[0.855s] Level 1:colcon.colcon_core.package_discovery:discover_packages(path) check parameters
[0.855s] Level 1:colcon.colcon_core.package_discovery:discover_packages(colcon_meta) discover
[0.855s] Level 1:colcon.colcon_core.package_discovery:discover_packages(recursive) discover
[0.855s] INFO:colcon.colcon_core.package_discovery:Crawling recursively for packages in '/home/kimani21/servo_ws'
[0.856s] Level 1:colcon.colcon_core.package_identification:_identify(.) by extensions ['ignore', 'ignore_ament_install']
[0.856s] Level 1:colcon.colcon_core.package_identification:_identify(.) by extension 'ignore'
[0.856s] Level 1:colcon.colcon_core.package_identification:_identify(.) by extension 'ignore_ament_install'
[0.856s] Level 1:colcon.colcon_core.package_identification:_identify(.) by extensions ['colcon_pkg']
[0.856s] Level 1:colcon.colcon_core.package_identification:_identify(.) by extension 'colcon_pkg'
[0.856s] Level 1:colcon.colcon_core.package_identification:_identify(.) by extensions ['colcon_meta']
[0.856s] Level 1:colcon.colcon_core.package_identification:_identify(.) by extension 'colcon_meta'
[0.856s] Level 1:colcon.colcon_core.package_identification:_identify(.) by extensions ['ros']
[0.856s] Level 1:colcon.colcon_core.package_identification:_identify(.) by extension 'ros'
[0.875s] Level 1:colcon.colcon_core.package_identification:_identify(.) by extensions ['cmake', 'python']
[0.875s] Level 1:colcon.colcon_core.package_identification:_identify(.) by extension 'cmake'
[0.875s] Level 1:colcon.colcon_core.package_identification:_identify(.) by extension 'python'
[0.875s] Level 1:colcon.colcon_core.package_identification:_identify(.) by extensions ['python_setup_py']
[0.875s] Level 1:colcon.colcon_core.package_identification:_identify(.) by extension 'python_setup_py'
[0.876s] Level 1:colcon.colcon_core.package_identification:_identify(build) by extensions ['ignore', 'ignore_ament_install']
[0.876s] Level 1:colcon.colcon_core.package_identification:_identify(build) by extension 'ignore'
[0.876s] Level 1:colcon.colcon_core.package_identification:_identify(build) ignored
[0.876s] Level 1:colcon.colcon_core.package_identification:_identify(install) by extensions ['ignore', 'ignore_ament_install']
[0.877s] Level 1:colcon.colcon_core.package_identification:_identify(install) by extension 'ignore'
[0.877s] Level 1:colcon.colcon_core.package_identification:_identify(install) ignored
[0.877s] Level 1:colcon.colcon_core.package_identification:_identify(log) by extensions ['ignore', 'ignore_ament_install']
[0.877s] Level 1:colcon.colcon_core.package_identification:_identify(log) by extension 'ignore'
[0.877s] Level 1:colcon.colcon_core.package_identification:_identify(log) ignored
[0.877s] Level 1:colcon.colcon_core.package_identification:_identify(src) by extensions ['ignore', 'ignore_ament_install']
[0.877s] Level 1:colcon.colcon_core.package_identification:_identify(src) by extension 'ignore'
[0.877s] Level 1:colcon.colcon_core.package_identification:_identify(src) by extension 'ignore_ament_install'
[0.878s] Level 1:colcon.colcon_core.package_identification:_identify(src) by extensions ['colcon_pkg']
[0.878s] Level 1:colcon.colcon_core.package_identification:_identify(src) by extension 'colcon_pkg'
[0.878s] Level 1:colcon.colcon_core.package_identification:_identify(src) by extensions ['colcon_meta']
[0.878s] Level 1:colcon.colcon_core.package_identification:_identify(src) by extension 'colcon_meta'
[0.878s] Level 1:colcon.colcon_core.package_identification:_identify(src) by extensions ['ros']
[0.878s] Level 1:colcon.colcon_core.package_identification:_identify(src) by extension 'ros'
[0.878s] Level 1:colcon.colcon_core.package_identification:_identify(src) by extensions ['cmake', 'python']
[0.878s] Level 1:colcon.colcon_core.package_identification:_identify(src) by extension 'cmake'
[0.878s] Level 1:colcon.colcon_core.package_identification:_identify(src) by extension 'python'
[0.878s] Level 1:colcon.colcon_core.package_identification:_identify(src) by extensions ['python_setup_py']
[0.878s] Level 1:colcon.colcon_core.package_identification:_identify(src) by extension 'python_setup_py'
[0.879s] Level 1:colcon.colcon_core.package_identification:_identify(src/serial) by extensions ['ignore', 'ignore_ament_install']
[0.879s] Level 1:colcon.colcon_core.package_identification:_identify(src/serial) by extension 'ignore'
[0.879s] Level 1:colcon.colcon_core.package_identification:_identify(src/serial) by extension 'ignore_ament_install'
[0.879s] Level 1:colcon.colcon_core.package_identification:_identify(src/serial) by extensions ['colcon_pkg']
[0.879s] Level 1:colcon.colcon_core.package_identification:_identify(src/serial) by extension 'colcon_pkg'
[0.879s] Level 1:colcon.colcon_core.package_identification:_identify(src/serial) by extensions ['colcon_meta']
[0.879s] Level 1:colcon.colcon_core.package_identification:_identify(src/serial) by extension 'colcon_meta'
[0.879s] Level 1:colcon.colcon_core.package_identification:_identify(src/serial) by extensions ['ros']
[0.879s] Level 1:colcon.colcon_core.package_identification:_identify(src/serial) by extension 'ros'
[0.884s] DEBUG:colcon.colcon_core.package_identification:Package 'src/serial' with type 'ros.ament_cmake' and name 'serial'
[0.884s] Level 1:colcon.colcon_core.package_identification:_identify(src/servo_control) by extensions ['ignore', 'ignore_ament_install']
[0.884s] Level 1:colcon.colcon_core.package_identification:_identify(src/servo_control) by extension 'ignore'
[0.884s] Level 1:colcon.colcon_core.package_identification:_identify(src/servo_control) by extension 'ignore_ament_install'
[0.884s] Level 1:colcon.colcon_core.package_identification:_identify(src/servo_control) by extensions ['colcon_pkg']
[0.884s] Level 1:colcon.colcon_core.package_identification:_identify(src/servo_control) by extension 'colcon_pkg'
[0.884s] Level 1:colcon.colcon_core.package_identification:_identify(src/servo_control) by extensions ['colcon_meta']
[0.884s] Level 1:colcon.colcon_core.package_identification:_identify(src/servo_control) by extension 'colcon_meta'
[0.884s] Level 1:colcon.colcon_core.package_identification:_identify(src/servo_control) by extensions ['ros']
[0.884s] Level 1:colcon.colcon_core.package_identification:_identify(src/servo_control) by extension 'ros'
[0.885s] DEBUG:colcon.colcon_core.package_identification:Package 'src/servo_control' with type 'ros.catkin' and name 'servo_control'
[0.885s] Level 1:colcon.colcon_core.package_discovery:discover_packages(recursive) using defaults
[0.885s] Level 1:colcon.colcon_core.package_discovery:discover_packages(ignore) discover
[0.885s] Level 1:colcon.colcon_core.package_discovery:discover_packages(ignore) using defaults
[0.885s] Level 1:colcon.colcon_core.package_discovery:discover_packages(path) discover
[0.885s] Level 1:colcon.colcon_core.package_discovery:discover_packages(path) using defaults
[0.938s] Level 1:colcon.colcon_core.package_discovery:discover_packages(prefix_path) check parameters
[0.938s] Level 1:colcon.colcon_core.package_discovery:discover_packages(prefix_path) discover
[0.957s] DEBUG:colcon.colcon_installed_package_information.package_discovery:Found 2 installed packages in /home/kimani21/servo_ws/install
[0.959s] DEBUG:colcon.colcon_installed_package_information.package_discovery:Found 39 installed packages in /home/kimani21/nav2_ws/install
[0.961s] DEBUG:colcon.colcon_installed_package_information.package_discovery:Found 3 installed packages in /home/kimani21/dojo_robotics_2025/install
[0.961s] DEBUG:colcon.colcon_installed_package_information.package_discovery:Found 1 installed packages in /home/kimani21/dojo_robotics_2025/src/install
[0.965s] DEBUG:colcon.colcon_installed_package_information.package_discovery:Found 425 installed packages in /opt/ros/humble
[0.970s] Level 1:colcon.colcon_core.package_discovery:discover_packages(prefix_path) using defaults
[1.152s] Level 5:colcon.colcon_core.verb:set package 'serial' build argument 'cmake_args' from command line to 'None'
[1.152s] Level 5:colcon.colcon_core.verb:set package 'serial' build argument 'cmake_target' from command line to 'None'
[1.152s] Level 5:colcon.colcon_core.verb:set package 'serial' build argument 'cmake_target_skip_unavailable' from command line to 'False'
[1.152s] Level 5:colcon.colcon_core.verb:set package 'serial' build argument 'cmake_clean_cache' from command line to 'False'
[1.152s] Level 5:colcon.colcon_core.verb:set package 'serial' build argument 'cmake_clean_first' from command line to 'False'
[1.152s] Level 5:colcon.colcon_core.verb:set package 'serial' build argument 'cmake_force_configure' from command line to 'False'
[1.152s] Level 5:colcon.colcon_core.verb:set package 'serial' build argument 'ament_cmake_args' from command line to 'None'
[1.152s] Level 5:colcon.colcon_core.verb:set package 'serial' build argument 'catkin_cmake_args' from command line to 'None'
[1.152s] Level 5:colcon.colcon_core.verb:set package 'serial' build argument 'catkin_skip_building_tests' from command line to 'False'
[1.152s] DEBUG:colcon.colcon_core.verb:Building package 'serial' with the following arguments: {'ament_cmake_args': None, 'build_base': '/home/kimani21/servo_ws/build/serial', 'catkin_cmake_args': None, 'catkin_skip_building_tests': False, 'cmake_args': None, 'cmake_clean_cache': False, 'cmake_clean_first': False, 'cmake_force_configure': False, 'cmake_target': None, 'cmake_target_skip_unavailable': False, 'install_base': '/home/kimani21/servo_ws/install/serial', 'merge_install': False, 'path': '/home/kimani21/servo_ws/src/serial', 'symlink_install': True, 'test_result_base': None}
[1.152s] Level 5:colcon.colcon_core.verb:set package 'servo_control' build argument 'cmake_args' from command line to 'None'
[1.152s] Level 5:colcon.colcon_core.verb:set package 'servo_control' build argument 'cmake_target' from command line to 'None'
[1.152s] Level 5:colcon.colcon_core.verb:set package 'servo_control' build argument 'cmake_target_skip_unavailable' from command line to 'False'
[1.152s] Level 5:colcon.colcon_core.verb:set package 'servo_control' build argument 'cmake_clean_cache' from command line to 'False'
[1.153s] Level 5:colcon.colcon_core.verb:set package 'servo_control' build argument 'cmake_clean_first' from command line to 'False'
[1.153s] Level 5:colcon.colcon_core.verb:set package 'servo_control' build argument 'cmake_force_configure' from command line to 'False'
[1.153s] Level 5:colcon.colcon_core.verb:set package 'servo_control' build argument 'ament_cmake_args' from command line to 'None'
[1.153s] Level 5:colcon.colcon_core.verb:set package 'servo_control' build argument 'catkin_cmake_args' from command line to 'None'
[1.153s] Level 5:colcon.colcon_core.verb:set package 'servo_control' build argument 'catkin_skip_building_tests' from command line to 'False'
[1.153s] DEBUG:colcon.colcon_core.verb:Building package 'servo_control' with the following arguments: {'ament_cmake_args': None, 'build_base': '/home/kimani21/servo_ws/build/servo_control', 'catkin_cmake_args': None, 'catkin_skip_building_tests': False, 'cmake_args': None, 'cmake_clean_cache': False, 'cmake_clean_first': False, 'cmake_force_configure': False, 'cmake_target': None, 'cmake_target_skip_unavailable': False, 'install_base': '/home/kimani21/servo_ws/install/servo_control', 'merge_install': False, 'path': '/home/kimani21/servo_ws/src/servo_control', 'symlink_install': True, 'test_result_base': None}
[1.153s] INFO:colcon.colcon_core.executor:Executing jobs using 'parallel' executor
[1.154s] DEBUG:colcon.colcon_parallel_executor.executor.parallel:run_until_complete
[1.155s] INFO:colcon.colcon_ros.task.ament_cmake.build:Building ROS package in '/home/kimani21/servo_ws/src/serial' with build type 'ament_cmake'
[1.155s] INFO:colcon.colcon_cmake.task.cmake.build:Building CMake package in '/home/kimani21/servo_ws/src/serial'
[1.163s] INFO:colcon.colcon_core.plugin_system:Skipping extension 'colcon_core.shell.bat': Not used on non-Windows systems
[1.163s] INFO:colcon.colcon_core.shell:Skip shell extension 'powershell' for command environment: Not usable outside of PowerShell
[1.163s] DEBUG:colcon.colcon_core.shell:Skip shell extension 'dsv' for command environment
[1.192s] DEBUG:colcon.colcon_core.event_handler.log_command:Invoking command in '/home/kimani21/servo_ws/build/serial': CMAKE_PREFIX_PATH=/home/kimani21/nav2_ws/install/nav2_simple_commander:/home/kimani21/dojo_robotics_2025/install/my_robot_package:/home/kimani21/dojo_robotics_2025/src/install/my_robot_package:/opt/ros/humble:${CMAKE_PREFIX_PATH} /usr/bin/cmake --build /home/kimani21/servo_ws/build/serial -- -j8 -l8
[1.434s] DEBUG:colcon.colcon_core.event_handler.log_command:Invoked command in '/home/kimani21/servo_ws/build/serial' returned '0': CMAKE_PREFIX_PATH=/home/kimani21/nav2_ws/install/nav2_simple_commander:/home/kimani21/dojo_robotics_2025/install/my_robot_package:/home/kimani21/dojo_robotics_2025/src/install/my_robot_package:/opt/ros/humble:${CMAKE_PREFIX_PATH} /usr/bin/cmake --build /home/kimani21/servo_ws/build/serial -- -j8 -l8
[1.457s] DEBUG:colcon.colcon_core.event_handler.log_command:Invoking command in '/home/kimani21/servo_ws/build/serial': CMAKE_PREFIX_PATH=/home/kimani21/nav2_ws/install/nav2_simple_commander:/home/kimani21/dojo_robotics_2025/install/my_robot_package:/home/kimani21/dojo_robotics_2025/src/install/my_robot_package:/opt/ros/humble:${CMAKE_PREFIX_PATH} /usr/bin/cmake --install /home/kimani21/servo_ws/build/serial
[1.513s] Level 1:colcon.colcon_core.environment:create_environment_scripts_only(serial)
[1.514s] DEBUG:colcon.colcon_core.event_handler.log_command:Invoked command in '/home/kimani21/servo_ws/build/serial' returned '0': CMAKE_PREFIX_PATH=/home/kimani21/nav2_ws/install/nav2_simple_commander:/home/kimani21/dojo_robotics_2025/install/my_robot_package:/home/kimani21/dojo_robotics_2025/src/install/my_robot_package:/opt/ros/humble:${CMAKE_PREFIX_PATH} /usr/bin/cmake --install /home/kimani21/servo_ws/build/serial
[1.527s] Level 1:colcon.colcon_core.environment:checking '/home/kimani21/servo_ws/install/serial' for CMake module files
[1.528s] Level 1:colcon.colcon_core.environment:checking '/home/kimani21/servo_ws/install/serial' for CMake config files
[1.537s] Level 1:colcon.colcon_core.shell:create_environment_hook('serial', 'cmake_prefix_path')
[1.538s] INFO:colcon.colcon_core.shell:Creating environment hook '/home/kimani21/servo_ws/install/serial/share/serial/hook/cmake_prefix_path.ps1'
[1.540s] INFO:colcon.colcon_core.shell:Creating environment descriptor '/home/kimani21/servo_ws/install/serial/share/serial/hook/cmake_prefix_path.dsv'
[1.542s] INFO:colcon.colcon_core.shell:Creating environment hook '/home/kimani21/servo_ws/install/serial/share/serial/hook/cmake_prefix_path.sh'
[1.545s] Level 1:colcon.colcon_core.environment:checking '/home/kimani21/servo_ws/install/serial/lib'
[1.546s] Level 1:colcon.colcon_core.environment:checking '/home/kimani21/servo_ws/install/serial/bin'
[1.546s] Level 1:colcon.colcon_core.environment:checking '/home/kimani21/servo_ws/install/serial/lib/pkgconfig/serial.pc'
[1.546s] Level 1:colcon.colcon_core.environment:checking '/home/kimani21/servo_ws/install/serial/lib/python3.10/site-packages'
[1.547s] Level 1:colcon.colcon_core.environment:checking '/home/kimani21/servo_ws/install/serial/bin'
[1.548s] INFO:colcon.colcon_core.shell:Creating package script '/home/kimani21/servo_ws/install/serial/share/serial/package.ps1'
[1.551s] INFO:colcon.colcon_core.shell:Creating package descriptor '/home/kimani21/servo_ws/install/serial/share/serial/package.dsv'
[1.553s] INFO:colcon.colcon_core.shell:Creating package script '/home/kimani21/servo_ws/install/serial/share/serial/package.sh'
[1.557s] INFO:colcon.colcon_core.shell:Creating package script '/home/kimani21/servo_ws/install/serial/share/serial/package.bash'
[1.559s] INFO:colcon.colcon_core.shell:Creating package script '/home/kimani21/servo_ws/install/serial/share/serial/package.zsh'
[1.561s] Level 1:colcon.colcon_core.environment:create_file_with_runtime_dependencies(/home/kimani21/servo_ws/install/serial/share/colcon-core/packages/serial)
[1.562s] Level 1:colcon.colcon_core.environment:create_environment_scripts_only(serial)
[1.563s] Level 1:colcon.colcon_core.environment:checking '/home/kimani21/servo_ws/install/serial' for CMake module files
[1.563s] Level 1:colcon.colcon_core.environment:checking '/home/kimani21/servo_ws/install/serial' for CMake config files
[1.564s] Level 1:colcon.colcon_core.shell:create_environment_hook('serial', 'cmake_prefix_path')
[1.565s] INFO:colcon.colcon_core.shell:Creating environment hook '/home/kimani21/servo_ws/install/serial/share/serial/hook/cmake_prefix_path.ps1'
[1.566s] INFO:colcon.colcon_core.shell:Creating environment descriptor '/home/kimani21/servo_ws/install/serial/share/serial/hook/cmake_prefix_path.dsv'
[1.567s] INFO:colcon.colcon_core.shell:Creating environment hook '/home/kimani21/servo_ws/install/serial/share/serial/hook/cmake_prefix_path.sh'
[1.568s] Level 1:colcon.colcon_core.environment:checking '/home/kimani21/servo_ws/install/serial/lib'
[1.568s] Level 1:colcon.colcon_core.environment:checking '/home/kimani21/servo_ws/install/serial/bin'
[1.568s] Level 1:colcon.colcon_core.environment:checking '/home/kimani21/servo_ws/install/serial/lib/pkgconfig/serial.pc'
[1.568s] Level 1:colcon.colcon_core.environment:checking '/home/kimani21/servo_ws/install/serial/lib/python3.10/site-packages'
[1.569s] Level 1:colcon.colcon_core.environment:checking '/home/kimani21/servo_ws/install/serial/bin'
[1.569s] INFO:colcon.colcon_core.shell:Creating package script '/home/kimani21/servo_ws/install/serial/share/serial/package.ps1'
[1.570s] INFO:colcon.colcon_core.shell:Creating package descriptor '/home/kimani21/servo_ws/install/serial/share/serial/package.dsv'
[1.571s] INFO:colcon.colcon_core.shell:Creating package script '/home/kimani21/servo_ws/install/serial/share/serial/package.sh'
[1.571s] INFO:colcon.colcon_core.shell:Creating package script '/home/kimani21/servo_ws/install/serial/share/serial/package.bash'
[1.572s] INFO:colcon.colcon_core.shell:Creating package script '/home/kimani21/servo_ws/install/serial/share/serial/package.zsh'
[1.573s] Level 1:colcon.colcon_core.environment:create_file_with_runtime_dependencies(/home/kimani21/servo_ws/install/serial/share/colcon-core/packages/serial)
[1.574s] INFO:colcon.colcon_ros.task.catkin.build:Building ROS package in '/home/kimani21/servo_ws/src/servo_control' with build type 'catkin'
[1.574s] INFO:colcon.colcon_cmake.task.cmake.build:Building CMake package in '/home/kimani21/servo_ws/src/servo_control'
[1.574s] INFO:colcon.colcon_core.shell:Skip shell extension 'powershell' for command environment: Not usable outside of PowerShell
[1.574s] DEBUG:colcon.colcon_core.shell:Skip shell extension 'dsv' for command environment
[1.663s] DEBUG:colcon.colcon_core.event_handler.log_command:Invoking command in '/home/kimani21/servo_ws/build/servo_control': AMENT_PREFIX_PATH=/home/kimani21/servo_ws/install/serial:${AMENT_PREFIX_PATH} CMAKE_PREFIX_PATH=/home/kimani21/servo_ws/install/serial:${CMAKE_PREFIX_PATH} LD_LIBRARY_PATH=/home/kimani21/servo_ws/install/serial/lib:${LD_LIBRARY_PATH} /usr/bin/cmake --build /home/kimani21/servo_ws/build/servo_control -- -j8 -l8
[10.074s] DEBUG:colcon.colcon_core.event_handler.log_command:Invoked command in '/home/kimani21/servo_ws/build/servo_control' returned '0': AMENT_PREFIX_PATH=/home/kimani21/servo_ws/install/serial:${AMENT_PREFIX_PATH} CMAKE_PREFIX_PATH=/home/kimani21/servo_ws/install/serial:${CMAKE_PREFIX_PATH} LD_LIBRARY_PATH=/home/kimani21/servo_ws/install/serial/lib:${LD_LIBRARY_PATH} /usr/bin/cmake --build /home/kimani21/servo_ws/build/servo_control -- -j8 -l8
[10.077s] DEBUG:colcon.colcon_core.event_handler.log_command:Invoking command in '/home/kimani21/servo_ws/build/servo_control': AMENT_PREFIX_PATH=/home/kimani21/servo_ws/install/serial:${AMENT_PREFIX_PATH} CMAKE_PREFIX_PATH=/home/kimani21/servo_ws/install/serial:${CMAKE_PREFIX_PATH} LD_LIBRARY_PATH=/home/kimani21/servo_ws/install/serial/lib:${LD_LIBRARY_PATH} /usr/bin/cmake --install /home/kimani21/servo_ws/build/servo_control
[10.199s] DEBUG:colcon.colcon_core.event_handler.log_command:Invoked command in '/home/kimani21/servo_ws/build/servo_control' returned '0': AMENT_PREFIX_PATH=/home/kimani21/servo_ws/install/serial:${AMENT_PREFIX_PATH} CMAKE_PREFIX_PATH=/home/kimani21/servo_ws/install/serial:${CMAKE_PREFIX_PATH} LD_LIBRARY_PATH=/home/kimani21/servo_ws/install/serial/lib:${LD_LIBRARY_PATH} /usr/bin/cmake --install /home/kimani21/servo_ws/build/servo_control
[10.200s] Level 1:colcon.colcon_core.shell:create_environment_hook('servo_control', 'ros_package_path')
[10.200s] INFO:colcon.colcon_core.shell:Creating environment hook '/home/kimani21/servo_ws/install/servo_control/share/servo_control/hook/ros_package_path.ps1'
[10.201s] INFO:colcon.colcon_core.shell:Creating environment descriptor '/home/kimani21/servo_ws/install/servo_control/share/servo_control/hook/ros_package_path.dsv'
[10.202s] INFO:colcon.colcon_core.shell:Creating environment hook '/home/kimani21/servo_ws/install/servo_control/share/servo_control/hook/ros_package_path.sh'
[10.202s] Level 1:colcon.colcon_ros.task.catkin:checking '/home/kimani21/servo_ws/install/servo_control/local/lib/python3.10/dist-packages'
[10.202s] Level 1:colcon.colcon_core.shell:create_environment_hook('servo_control', 'catkin_pythonpath')
[10.203s] INFO:colcon.colcon_core.shell:Creating environment hook '/home/kimani21/servo_ws/install/servo_control/share/servo_control/hook/catkin_pythonpath.ps1'
[10.203s] INFO:colcon.colcon_core.shell:Creating environment descriptor '/home/kimani21/servo_ws/install/servo_control/share/servo_control/hook/catkin_pythonpath.dsv'
[10.204s] INFO:colcon.colcon_core.shell:Creating environment hook '/home/kimani21/servo_ws/install/servo_control/share/servo_control/hook/catkin_pythonpath.sh'
[10.204s] Level 1:colcon.colcon_core.shell:create_environment_hook('servo_control', 'pkg_config_path')
[10.205s] INFO:colcon.colcon_core.shell:Creating environment hook '/home/kimani21/servo_ws/install/servo_control/share/servo_control/hook/pkg_config_path.ps1'
[10.205s] INFO:colcon.colcon_core.shell:Creating environment descriptor '/home/kimani21/servo_ws/install/servo_control/share/servo_control/hook/pkg_config_path.dsv'
[10.205s] INFO:colcon.colcon_core.shell:Creating environment hook '/home/kimani21/servo_ws/install/servo_control/share/servo_control/hook/pkg_config_path.sh'
[10.216s] Level 1:colcon.colcon_core.shell:create_environment_hook('servo_control', 'pkg_config_path_multiarch')
[10.216s] INFO:colcon.colcon_core.shell:Creating environment hook '/home/kimani21/servo_ws/install/servo_control/share/servo_control/hook/pkg_config_path_multiarch.ps1'
[10.217s] INFO:colcon.colcon_core.shell:Creating environment descriptor '/home/kimani21/servo_ws/install/servo_control/share/servo_control/hook/pkg_config_path_multiarch.dsv'
[10.217s] INFO:colcon.colcon_core.shell:Creating environment hook '/home/kimani21/servo_ws/install/servo_control/share/servo_control/hook/pkg_config_path_multiarch.sh'
[10.218s] Level 1:colcon.colcon_core.environment:create_environment_scripts_only(servo_control)
[10.218s] Level 1:colcon.colcon_core.environment:checking '/home/kimani21/servo_ws/install/servo_control' for CMake module files
[10.220s] Level 1:colcon.colcon_core.environment:checking '/home/kimani21/servo_ws/install/servo_control' for CMake config files
[10.227s] Level 1:colcon.colcon_core.shell:create_environment_hook('servo_control', 'cmake_prefix_path')
[10.227s] INFO:colcon.colcon_core.shell:Creating environment hook '/home/kimani21/servo_ws/install/servo_control/share/servo_control/hook/cmake_prefix_path.ps1'
[10.228s] INFO:colcon.colcon_core.shell:Creating environment descriptor '/home/kimani21/servo_ws/install/servo_control/share/servo_control/hook/cmake_prefix_path.dsv'
[10.228s] INFO:colcon.colcon_core.shell:Creating environment hook '/home/kimani21/servo_ws/install/servo_control/share/servo_control/hook/cmake_prefix_path.sh'
[10.229s] Level 1:colcon.colcon_core.environment:checking '/home/kimani21/servo_ws/install/servo_control/lib'
[10.229s] Level 1:colcon.colcon_core.shell:create_environment_hook('servo_control', 'ld_library_path_lib')
[10.229s] INFO:colcon.colcon_core.shell:Creating environment hook '/home/kimani21/servo_ws/install/servo_control/share/servo_control/hook/ld_library_path_lib.ps1'
[10.230s] INFO:colcon.colcon_core.shell:Creating environment descriptor '/home/kimani21/servo_ws/install/servo_control/share/servo_control/hook/ld_library_path_lib.dsv'
[10.230s] INFO:colcon.colcon_core.shell:Creating environment hook '/home/kimani21/servo_ws/install/servo_control/share/servo_control/hook/ld_library_path_lib.sh'
[10.231s] Level 1:colcon.colcon_core.environment:checking '/home/kimani21/servo_ws/install/servo_control/bin'
[10.231s] Level 1:colcon.colcon_core.environment:checking '/home/kimani21/servo_ws/install/servo_control/lib/pkgconfig/servo_control.pc'
[10.231s] Level 1:colcon.colcon_core.environment:checking '/home/kimani21/servo_ws/install/servo_control/lib/python3.10/site-packages'
[10.231s] Level 1:colcon.colcon_core.environment:checking '/home/kimani21/servo_ws/install/servo_control/bin'
[10.232s] INFO:colcon.colcon_core.shell:Creating package script '/home/kimani21/servo_ws/install/servo_control/share/servo_control/package.ps1'
[10.233s] INFO:colcon.colcon_core.shell:Creating package descriptor '/home/kimani21/servo_ws/install/servo_control/share/servo_control/package.dsv'
[10.233s] INFO:colcon.colcon_core.shell:Creating package script '/home/kimani21/servo_ws/install/servo_control/share/servo_control/package.sh'
[10.234s] INFO:colcon.colcon_core.shell:Creating package script '/home/kimani21/servo_ws/install/servo_control/share/servo_control/package.bash'
[10.235s] INFO:colcon.colcon_core.shell:Creating package script '/home/kimani21/servo_ws/install/servo_control/share/servo_control/package.zsh'
[10.235s] Level 1:colcon.colcon_core.environment:create_file_with_runtime_dependencies(/home/kimani21/servo_ws/install/servo_control/share/colcon-core/packages/servo_control)
[10.235s] DEBUG:colcon.colcon_parallel_executor.executor.parallel:closing loop
[10.236s] DEBUG:colcon.colcon_parallel_executor.executor.parallel:loop closed
[10.236s] DEBUG:colcon.colcon_parallel_executor.executor.parallel:run_until_complete finished with '0'
[10.237s] DEBUG:colcon.colcon_core.event_reactor:joining thread
[10.324s] INFO:colcon.colcon_core.plugin_system:Skipping extension 'colcon_notification.desktop_notification.notify_send': Could not find 'notify-send'
[10.325s] INFO:colcon.colcon_core.plugin_system:Skipping extension 'colcon_notification.desktop_notification.terminal_notifier': Not used on non-Darwin systems
[10.325s] INFO:colcon.colcon_core.plugin_system:Skipping extension 'colcon_notification.desktop_notification.win32': Not used on non-Windows systems
[10.325s] INFO:colcon.colcon_notification.desktop_notification:Sending desktop notification using 'notify2'
[10.328s] DEBUG:colcon.colcon_notification.desktop_notification.notify2:Failed to initialize notify2: org.freedesktop.DBus.Error.ServiceUnknown: The name org.freedesktop.Notifications was not provided by any .service files
[10.328s] DEBUG:colcon.colcon_core.event_reactor:joined thread
[10.328s] INFO:colcon.colcon_core.shell:Creating prefix script '/home/kimani21/servo_ws/install/local_setup.ps1'
[10.330s] INFO:colcon.colcon_core.shell:Creating prefix util module '/home/kimani21/servo_ws/install/_local_setup_util_ps1.py'
[10.332s] INFO:colcon.colcon_core.shell:Creating prefix chain script '/home/kimani21/servo_ws/install/setup.ps1'
[10.336s] INFO:colcon.colcon_core.shell:Creating prefix script '/home/kimani21/servo_ws/install/local_setup.sh'
[10.338s] INFO:colcon.colcon_core.shell:Creating prefix util module '/home/kimani21/servo_ws/install/_local_setup_util_sh.py'
[10.339s] INFO:colcon.colcon_core.shell:Creating prefix chain script '/home/kimani21/servo_ws/install/setup.sh'
[10.343s] INFO:colcon.colcon_core.shell:Creating prefix script '/home/kimani21/servo_ws/install/local_setup.bash'
[10.345s] INFO:colcon.colcon_core.shell:Creating prefix chain script '/home/kimani21/servo_ws/install/setup.bash'
[10.349s] INFO:colcon.colcon_core.shell:Creating prefix script '/home/kimani21/servo_ws/install/local_setup.zsh'
[10.350s] INFO:colcon.colcon_core.shell:Creating prefix chain script '/home/kimani21/servo_ws/install/setup.zsh'
