-- Found ament_cmake: 1.3.11 (/opt/ros/humble/share/ament_cmake/cmake)
-- Found rclcpp: 16.0.12 (/opt/ros/humble/share/rclcpp/cmake)
-- Found rosidl_generator_c: 3.1.6 (/opt/ros/humble/share/rosidl_generator_c/cmake)
-- Found rosidl_adapter: 3.1.6 (/opt/ros/humble/share/rosidl_adapter/cmake)
-- Found rosidl_generator_cpp: 3.1.6 (/opt/ros/humble/share/rosidl_generator_cpp/cmake)
-- Using all available rosidl_typesupport_c: rosidl_typesupport_fastrtps_c;rosidl_typesupport_introspection_c
-- Using all available rosidl_typesupport_cpp: rosidl_typesupport_fastrtps_cpp;rosidl_typesupport_introspection_cpp
-- Found rmw_implementation_cmake: 6.1.2 (/opt/ros/humble/share/rmw_implementation_cmake/cmake)
-- Found rmw_fastrtps_cpp: 6.2.7 (/opt/ros/humble/share/rmw_fastrtps_cpp/cmake)
-- Using RMW implementation 'rmw_fastrtps_cpp' as default
-- Found rosidl_default_generators: 1.2.0 (/opt/ros/humble/share/rosidl_default_generators/cmake)
-- Found serial: 1.2.1 (/home/kimani21/servo_ws/install/serial/share/serial/cmake)
-- Found ament_cmake_ros: 0.10.0 (/opt/ros/humble/share/ament_cmake_ros/cmake)
-- Using all available rosidl_typesupport_c: rosidl_typesupport_fastrtps_c;rosidl_typesupport_introspection_c
-- Using all available rosidl_typesupport_cpp: rosidl_typesupport_fastrtps_cpp;rosidl_typesupport_introspection_cpp
-- Found python_cmake_module: 0.10.0 (/opt/ros/humble/share/python_cmake_module/cmake)
-- Using PYTHON_EXECUTABLE: /usr/bin/python3
-- Using PYTHON_INCLUDE_DIRS: /usr/include/python3.10
-- Using PYTHON_LIBRARIES: /usr/lib/x86_64-linux-gnu/libpython3.10.so
-- Configuring done
-- Generating done
-- Build files have been written to: /home/kimani21/servo_ws/build/servo_control
[35m[1mConsolidate compiler generated dependencies of target servo_control__rosidl_generator_c[0m
[  3%] Built target servo_control__cpp
[ 12%] Built target servo_control__rosidl_generator_c
[35m[1mConsolidate compiler generated dependencies of target servo_control__rosidl_typesupport_cpp[0m
[35m[1mConsolidate compiler generated dependencies of target servo_control__rosidl_typesupport_fastrtps_cpp[0m
[ 12%] Built target ament_cmake_python_copy_servo_control
[35m[1mConsolidate compiler generated dependencies of target servo_control__rosidl_typesupport_introspection_cpp[0m
[35m[1mConsolidate compiler generated dependencies of target servo_control__rosidl_typesupport_introspection_c[0m
[35m[1mConsolidate compiler generated dependencies of target servo_control__rosidl_typesupport_fastrtps_c[0m
[35m[1mConsolidate compiler generated dependencies of target servo_control__rosidl_typesupport_c[0m
[ 39%] Built target servo_control__rosidl_typesupport_fastrtps_cpp
[ 39%] Built target servo_control__rosidl_typesupport_introspection_c
[ 39%] Built target servo_control__rosidl_typesupport_cpp
[ 48%] Built target servo_control__rosidl_typesupport_c
[ 57%] Built target servo_control__rosidl_typesupport_introspection_cpp
[ 66%] Built target servo_control__rosidl_typesupport_fastrtps_c
[35m[1mConsolidate compiler generated dependencies of target servo_service_node[0m
[ 66%] Built target servo_control
[ 72%] Built target servo_service_node
[ 75%] Built target servo_control__py
[35m[1mConsolidate compiler generated dependencies of target servo_control__rosidl_generator_py[0m
[ 81%] Built target servo_control__rosidl_generator_py
[35m[1mConsolidate compiler generated dependencies of target servo_control__rosidl_typesupport_c__pyext[0m
[35m[1mConsolidate compiler generated dependencies of target servo_control__rosidl_typesupport_introspection_c__pyext[0m
[35m[1mConsolidate compiler generated dependencies of target servo_control__rosidl_typesupport_fastrtps_c__pyext[0m
[ 87%] Built target servo_control__rosidl_typesupport_c__pyext
[ 93%] Built target servo_control__rosidl_typesupport_fastrtps_c__pyext
[100%] Built target servo_control__rosidl_typesupport_introspection_c__pyext
running egg_info
writing servo_control.egg-info/PKG-INFO
writing dependency_links to servo_control.egg-info/dependency_links.txt
writing top-level names to servo_control.egg-info/top_level.txt
reading manifest file 'servo_control.egg-info/SOURCES.txt'
writing manifest file 'servo_control.egg-info/SOURCES.txt'
[100%] Built target ament_cmake_python_build_servo_control_egg
-- Install configuration: ""
-- Up-to-date: /home/kimani21/servo_ws/install/servo_control/share/ament_index/resource_index/rosidl_interfaces/servo_control
-- Up-to-date: /home/kimani21/servo_ws/install/servo_control/include/servo_control/servo_control
-- Up-to-date: /home/kimani21/servo_ws/install/servo_control/include/servo_control/servo_control/msg
-- Up-to-date: /home/kimani21/servo_ws/install/servo_control/include/servo_control/servo_control/msg/rosidl_generator_c__visibility_control.h
-- Up-to-date: /home/kimani21/servo_ws/install/servo_control/include/servo_control/servo_control/srv
-- Up-to-date: /home/kimani21/servo_ws/install/servo_control/include/servo_control/servo_control/srv/detail
-- Up-to-date: /home/kimani21/servo_ws/install/servo_control/include/servo_control/servo_control/srv/detail/set_servo_angle__type_support.h
-- Up-to-date: /home/kimani21/servo_ws/install/servo_control/include/servo_control/servo_control/srv/detail/set_servo_angle__functions.h
-- Up-to-date: /home/kimani21/servo_ws/install/servo_control/include/servo_control/servo_control/srv/detail/set_servo_angle__struct.h
-- Up-to-date: /home/kimani21/servo_ws/install/servo_control/include/servo_control/servo_control/srv/detail/set_servo_angle__functions.c
-- Up-to-date: /home/kimani21/servo_ws/install/servo_control/include/servo_control/servo_control/srv/set_servo_angle.h
-- Up-to-date: /home/kimani21/servo_ws/install/servo_control/share/servo_control/environment/library_path.sh
-- Installing: /home/kimani21/servo_ws/install/servo_control/share/servo_control/environment/library_path.dsv
-- Up-to-date: /home/kimani21/servo_ws/install/servo_control/lib/libservo_control__rosidl_generator_c.so
-- Up-to-date: /home/kimani21/servo_ws/install/servo_control/include/servo_control/servo_control
-- Up-to-date: /home/kimani21/servo_ws/install/servo_control/include/servo_control/servo_control/msg
-- Up-to-date: /home/kimani21/servo_ws/install/servo_control/include/servo_control/servo_control/msg/rosidl_typesupport_fastrtps_c__visibility_control.h
-- Up-to-date: /home/kimani21/servo_ws/install/servo_control/include/servo_control/servo_control/srv
-- Up-to-date: /home/kimani21/servo_ws/install/servo_control/include/servo_control/servo_control/srv/detail
-- Up-to-date: /home/kimani21/servo_ws/install/servo_control/include/servo_control/servo_control/srv/detail/set_servo_angle__rosidl_typesupport_fastrtps_c.h
-- Up-to-date: /home/kimani21/servo_ws/install/servo_control/lib/libservo_control__rosidl_typesupport_fastrtps_c.so
-- Up-to-date: /home/kimani21/servo_ws/install/servo_control/include/servo_control/servo_control
-- Up-to-date: /home/kimani21/servo_ws/install/servo_control/include/servo_control/servo_control/msg
-- Up-to-date: /home/kimani21/servo_ws/install/servo_control/include/servo_control/servo_control/msg/rosidl_generator_cpp__visibility_control.hpp
-- Up-to-date: /home/kimani21/servo_ws/install/servo_control/include/servo_control/servo_control/srv
-- Up-to-date: /home/kimani21/servo_ws/install/servo_control/include/servo_control/servo_control/srv/detail
-- Up-to-date: /home/kimani21/servo_ws/install/servo_control/include/servo_control/servo_control/srv/detail/set_servo_angle__traits.hpp
-- Up-to-date: /home/kimani21/servo_ws/install/servo_control/include/servo_control/servo_control/srv/detail/set_servo_angle__builder.hpp
-- Up-to-date: /home/kimani21/servo_ws/install/servo_control/include/servo_control/servo_control/srv/detail/set_servo_angle__struct.hpp
-- Up-to-date: /home/kimani21/servo_ws/install/servo_control/include/servo_control/servo_control/srv/detail/set_servo_angle__type_support.hpp
-- Up-to-date: /home/kimani21/servo_ws/install/servo_control/include/servo_control/servo_control/srv/set_servo_angle.hpp
-- Up-to-date: /home/kimani21/servo_ws/install/servo_control/include/servo_control/servo_control
-- Up-to-date: /home/kimani21/servo_ws/install/servo_control/include/servo_control/servo_control/msg
-- Up-to-date: /home/kimani21/servo_ws/install/servo_control/include/servo_control/servo_control/msg/rosidl_typesupport_fastrtps_cpp__visibility_control.h
-- Up-to-date: /home/kimani21/servo_ws/install/servo_control/include/servo_control/servo_control/srv
-- Up-to-date: /home/kimani21/servo_ws/install/servo_control/include/servo_control/servo_control/srv/detail
-- Up-to-date: /home/kimani21/servo_ws/install/servo_control/include/servo_control/servo_control/srv/detail/set_servo_angle__rosidl_typesupport_fastrtps_cpp.hpp
-- Up-to-date: /home/kimani21/servo_ws/install/servo_control/include/servo_control/servo_control/srv/detail/dds_fastrtps
-- Up-to-date: /home/kimani21/servo_ws/install/servo_control/lib/libservo_control__rosidl_typesupport_fastrtps_cpp.so
-- Up-to-date: /home/kimani21/servo_ws/install/servo_control/include/servo_control/servo_control
-- Up-to-date: /home/kimani21/servo_ws/install/servo_control/include/servo_control/servo_control/msg
-- Up-to-date: /home/kimani21/servo_ws/install/servo_control/include/servo_control/servo_control/msg/rosidl_typesupport_introspection_c__visibility_control.h
-- Up-to-date: /home/kimani21/servo_ws/install/servo_control/include/servo_control/servo_control/srv
-- Up-to-date: /home/kimani21/servo_ws/install/servo_control/include/servo_control/servo_control/srv/detail
-- Up-to-date: /home/kimani21/servo_ws/install/servo_control/include/servo_control/servo_control/srv/detail/set_servo_angle__type_support.c
-- Up-to-date: /home/kimani21/servo_ws/install/servo_control/include/servo_control/servo_control/srv/detail/set_servo_angle__rosidl_typesupport_introspection_c.h
-- Up-to-date: /home/kimani21/servo_ws/install/servo_control/lib/libservo_control__rosidl_typesupport_introspection_c.so
-- Up-to-date: /home/kimani21/servo_ws/install/servo_control/lib/libservo_control__rosidl_typesupport_c.so
-- Up-to-date: /home/kimani21/servo_ws/install/servo_control/include/servo_control/servo_control
-- Up-to-date: /home/kimani21/servo_ws/install/servo_control/include/servo_control/servo_control/srv
-- Up-to-date: /home/kimani21/servo_ws/install/servo_control/include/servo_control/servo_control/srv/detail
-- Up-to-date: /home/kimani21/servo_ws/install/servo_control/include/servo_control/servo_control/srv/detail/set_servo_angle__rosidl_typesupport_introspection_cpp.hpp
-- Up-to-date: /home/kimani21/servo_ws/install/servo_control/include/servo_control/servo_control/srv/detail/set_servo_angle__type_support.cpp
-- Up-to-date: /home/kimani21/servo_ws/install/servo_control/lib/libservo_control__rosidl_typesupport_introspection_cpp.so
-- Up-to-date: /home/kimani21/servo_ws/install/servo_control/lib/libservo_control__rosidl_typesupport_cpp.so
-- Up-to-date: /home/kimani21/servo_ws/install/servo_control/share/servo_control/environment/pythonpath.sh
-- Installing: /home/kimani21/servo_ws/install/servo_control/share/servo_control/environment/pythonpath.dsv
-- Up-to-date: /home/kimani21/servo_ws/install/servo_control/local/lib/python3.10/dist-packages/servo_control-0.0.1-py3.10.egg-info
-- Installing: /home/kimani21/servo_ws/install/servo_control/local/lib/python3.10/dist-packages/servo_control-0.0.1-py3.10.egg-info/SOURCES.txt
-- Installing: /home/kimani21/servo_ws/install/servo_control/local/lib/python3.10/dist-packages/servo_control-0.0.1-py3.10.egg-info/top_level.txt
-- Installing: /home/kimani21/servo_ws/install/servo_control/local/lib/python3.10/dist-packages/servo_control-0.0.1-py3.10.egg-info/PKG-INFO
-- Installing: /home/kimani21/servo_ws/install/servo_control/local/lib/python3.10/dist-packages/servo_control-0.0.1-py3.10.egg-info/dependency_links.txt
-- Up-to-date: /home/kimani21/servo_ws/install/servo_control/local/lib/python3.10/dist-packages/servo_control
-- Up-to-date: /home/kimani21/servo_ws/install/servo_control/local/lib/python3.10/dist-packages/servo_control/servo_control_s__rosidl_typesupport_c.cpython-310-x86_64-linux-gnu.so
-- Up-to-date: /home/kimani21/servo_ws/install/servo_control/local/lib/python3.10/dist-packages/servo_control/_servo_control_s.ep.rosidl_typesupport_fastrtps_c.c
-- Up-to-date: /home/kimani21/servo_ws/install/servo_control/local/lib/python3.10/dist-packages/servo_control/servo_control_s__rosidl_typesupport_introspection_c.cpython-310-x86_64-linux-gnu.so
-- Up-to-date: /home/kimani21/servo_ws/install/servo_control/local/lib/python3.10/dist-packages/servo_control/libservo_control__rosidl_generator_py.so
-- Installing: /home/kimani21/servo_ws/install/servo_control/local/lib/python3.10/dist-packages/servo_control/__init__.py
-- Up-to-date: /home/kimani21/servo_ws/install/servo_control/local/lib/python3.10/dist-packages/servo_control/_servo_control_s.ep.rosidl_typesupport_c.c
-- Up-to-date: /home/kimani21/servo_ws/install/servo_control/local/lib/python3.10/dist-packages/servo_control/_servo_control_s.ep.rosidl_typesupport_introspection_c.c
-- Up-to-date: /home/kimani21/servo_ws/install/servo_control/local/lib/python3.10/dist-packages/servo_control/servo_control_s__rosidl_typesupport_fastrtps_c.cpython-310-x86_64-linux-gnu.so
-- Up-to-date: /home/kimani21/servo_ws/install/servo_control/local/lib/python3.10/dist-packages/servo_control/srv
-- Up-to-date: /home/kimani21/servo_ws/install/servo_control/local/lib/python3.10/dist-packages/servo_control/srv/__init__.py
-- Up-to-date: /home/kimani21/servo_ws/install/servo_control/local/lib/python3.10/dist-packages/servo_control/srv/_set_servo_angle.py
-- Up-to-date: /home/kimani21/servo_ws/install/servo_control/local/lib/python3.10/dist-packages/servo_control/srv/_set_servo_angle_s.c
Listing '/home/kimani21/servo_ws/install/servo_control/local/lib/python3.10/dist-packages/servo_control'...
Compiling '/home/kimani21/servo_ws/install/servo_control/local/lib/python3.10/dist-packages/servo_control/__init__.py'...
Listing '/home/kimani21/servo_ws/install/servo_control/local/lib/python3.10/dist-packages/servo_control/srv'...
-- Up-to-date: /home/kimani21/servo_ws/install/servo_control/local/lib/python3.10/dist-packages/servo_control/servo_control_s__rosidl_typesupport_fastrtps_c.cpython-310-x86_64-linux-gnu.so
-- Up-to-date: /home/kimani21/servo_ws/install/servo_control/local/lib/python3.10/dist-packages/servo_control/servo_control_s__rosidl_typesupport_introspection_c.cpython-310-x86_64-linux-gnu.so
-- Up-to-date: /home/kimani21/servo_ws/install/servo_control/local/lib/python3.10/dist-packages/servo_control/servo_control_s__rosidl_typesupport_c.cpython-310-x86_64-linux-gnu.so
-- Up-to-date: /home/kimani21/servo_ws/install/servo_control/lib/libservo_control__rosidl_generator_py.so
-- Up-to-date: /home/kimani21/servo_ws/install/servo_control/share/servo_control/srv/SetServoAngle.idl
-- Up-to-date: /home/kimani21/servo_ws/install/servo_control/share/servo_control/srv/SetServoAngle.srv
-- Up-to-date: /home/kimani21/servo_ws/install/servo_control/share/servo_control/srv/SetServoAngle_Request.msg
-- Up-to-date: /home/kimani21/servo_ws/install/servo_control/share/servo_control/srv/SetServoAngle_Response.msg
-- Up-to-date: /home/kimani21/servo_ws/install/servo_control/lib/servo_control/servo_service_node
-- Up-to-date: /home/kimani21/servo_ws/install/servo_control/share/ament_index/resource_index/package_run_dependencies/servo_control
-- Up-to-date: /home/kimani21/servo_ws/install/servo_control/share/ament_index/resource_index/parent_prefix_path/servo_control
-- Up-to-date: /home/kimani21/servo_ws/install/servo_control/share/servo_control/environment/ament_prefix_path.sh
-- Installing: /home/kimani21/servo_ws/install/servo_control/share/servo_control/environment/ament_prefix_path.dsv
-- Up-to-date: /home/kimani21/servo_ws/install/servo_control/share/servo_control/environment/path.sh
-- Installing: /home/kimani21/servo_ws/install/servo_control/share/servo_control/environment/path.dsv
-- Up-to-date: /home/kimani21/servo_ws/install/servo_control/share/servo_control/local_setup.bash
-- Up-to-date: /home/kimani21/servo_ws/install/servo_control/share/servo_control/local_setup.sh
-- Up-to-date: /home/kimani21/servo_ws/install/servo_control/share/servo_control/local_setup.zsh
-- Installing: /home/kimani21/servo_ws/install/servo_control/share/servo_control/local_setup.dsv
-- Installing: /home/kimani21/servo_ws/install/servo_control/share/servo_control/package.dsv
-- Up-to-date: /home/kimani21/servo_ws/install/servo_control/share/ament_index/resource_index/packages/servo_control
-- Up-to-date: /home/kimani21/servo_ws/install/servo_control/share/servo_control/cmake/export_servo_control__rosidl_generator_cExport.cmake
-- Up-to-date: /home/kimani21/servo_ws/install/servo_control/share/servo_control/cmake/export_servo_control__rosidl_generator_cExport-noconfig.cmake
-- Up-to-date: /home/kimani21/servo_ws/install/servo_control/share/servo_control/cmake/export_servo_control__rosidl_typesupport_fastrtps_cExport.cmake
-- Up-to-date: /home/kimani21/servo_ws/install/servo_control/share/servo_control/cmake/export_servo_control__rosidl_typesupport_fastrtps_cExport-noconfig.cmake
-- Up-to-date: /home/kimani21/servo_ws/install/servo_control/share/servo_control/cmake/export_servo_control__rosidl_generator_cppExport.cmake
-- Up-to-date: /home/kimani21/servo_ws/install/servo_control/share/servo_control/cmake/export_servo_control__rosidl_typesupport_fastrtps_cppExport.cmake
-- Up-to-date: /home/kimani21/servo_ws/install/servo_control/share/servo_control/cmake/export_servo_control__rosidl_typesupport_fastrtps_cppExport-noconfig.cmake
-- Up-to-date: /home/kimani21/servo_ws/install/servo_control/share/servo_control/cmake/servo_control__rosidl_typesupport_introspection_cExport.cmake
-- Up-to-date: /home/kimani21/servo_ws/install/servo_control/share/servo_control/cmake/servo_control__rosidl_typesupport_introspection_cExport-noconfig.cmake
-- Up-to-date: /home/kimani21/servo_ws/install/servo_control/share/servo_control/cmake/servo_control__rosidl_typesupport_cExport.cmake
-- Up-to-date: /home/kimani21/servo_ws/install/servo_control/share/servo_control/cmake/servo_control__rosidl_typesupport_cExport-noconfig.cmake
-- Up-to-date: /home/kimani21/servo_ws/install/servo_control/share/servo_control/cmake/servo_control__rosidl_typesupport_introspection_cppExport.cmake
-- Up-to-date: /home/kimani21/servo_ws/install/servo_control/share/servo_control/cmake/servo_control__rosidl_typesupport_introspection_cppExport-noconfig.cmake
-- Up-to-date: /home/kimani21/servo_ws/install/servo_control/share/servo_control/cmake/servo_control__rosidl_typesupport_cppExport.cmake
-- Up-to-date: /home/kimani21/servo_ws/install/servo_control/share/servo_control/cmake/servo_control__rosidl_typesupport_cppExport-noconfig.cmake
-- Up-to-date: /home/kimani21/servo_ws/install/servo_control/share/servo_control/cmake/export_servo_control__rosidl_generator_pyExport.cmake
-- Up-to-date: /home/kimani21/servo_ws/install/servo_control/share/servo_control/cmake/export_servo_control__rosidl_generator_pyExport-noconfig.cmake
-- Up-to-date: /home/kimani21/servo_ws/install/servo_control/share/servo_control/cmake/rosidl_cmake-extras.cmake
-- Up-to-date: /home/kimani21/servo_ws/install/servo_control/share/servo_control/cmake/ament_cmake_export_include_directories-extras.cmake
-- Up-to-date: /home/kimani21/servo_ws/install/servo_control/share/servo_control/cmake/ament_cmake_export_libraries-extras.cmake
-- Up-to-date: /home/kimani21/servo_ws/install/servo_control/share/servo_control/cmake/ament_cmake_export_targets-extras.cmake
-- Up-to-date: /home/kimani21/servo_ws/install/servo_control/share/servo_control/cmake/rosidl_cmake_export_typesupport_targets-extras.cmake
-- Up-to-date: /home/kimani21/servo_ws/install/servo_control/share/servo_control/cmake/ament_cmake_export_dependencies-extras.cmake
-- Up-to-date: /home/kimani21/servo_ws/install/servo_control/share/servo_control/cmake/rosidl_cmake_export_typesupport_libraries-extras.cmake
-- Up-to-date: /home/kimani21/servo_ws/install/servo_control/share/servo_control/cmake/servo_controlConfig.cmake
-- Up-to-date: /home/kimani21/servo_ws/install/servo_control/share/servo_control/cmake/servo_controlConfig-version.cmake
-- Installing: /home/kimani21/servo_ws/install/servo_control/share/servo_control/package.xml
