[0.088s] Invoking command in '/home/kimani21/servo_ws/build/servo_control': AMENT_PREFIX_PATH=/home/kimani21/servo_ws/install/serial:${AMENT_PREFIX_PATH} CMAKE_PREFIX_PATH=/home/kimani21/servo_ws/install/serial:${CMAKE_PREFIX_PATH} LD_LIBRARY_PATH=/home/kimani21/servo_ws/install/serial/lib:${LD_LIBRARY_PATH} /usr/bin/cmake --build /home/kimani21/servo_ws/build/servo_control -- -j8 -l8
[0.160s] -- Found ament_cmake: 1.3.11 (/opt/ros/humble/share/ament_cmake/cmake)
[0.402s] -- Found rclcpp: 16.0.12 (/opt/ros/humble/share/rclcpp/cmake)
[0.616s] -- Found rosidl_generator_c: 3.1.6 (/opt/ros/humble/share/rosidl_generator_c/cmake)
[0.621s] -- Found rosidl_adapter: 3.1.6 (/opt/ros/humble/share/rosidl_adapter/cmake)
[0.636s] -- Found rosidl_generator_cpp: 3.1.6 (/opt/ros/humble/share/rosidl_generator_cpp/cmake)
[0.665s] -- Using all available rosidl_typesupport_c: rosidl_typesupport_fastrtps_c;rosidl_typesupport_introspection_c
[0.696s] -- Using all available rosidl_typesupport_cpp: rosidl_typesupport_fastrtps_cpp;rosidl_typesupport_introspection_cpp
[0.824s] -- Found rmw_implementation_cmake: 6.1.2 (/opt/ros/humble/share/rmw_implementation_cmake/cmake)
[0.831s] -- Found rmw_fastrtps_cpp: 6.2.7 (/opt/ros/humble/share/rmw_fastrtps_cpp/cmake)
[6.380s] -- Using RMW implementation 'rmw_fastrtps_cpp' as default
[6.517s] -- Found rosidl_default_generators: 1.2.0 (/opt/ros/humble/share/rosidl_default_generators/cmake)
[6.535s] -- Found serial: 1.2.1 (/home/kimani21/servo_ws/install/serial/share/serial/cmake)
[6.900s] -- Found ament_cmake_ros: 0.10.0 (/opt/ros/humble/share/ament_cmake_ros/cmake)
[7.379s] -- Using all available rosidl_typesupport_c: rosidl_typesupport_fastrtps_c;rosidl_typesupport_introspection_c
[7.564s] -- Using all available rosidl_typesupport_cpp: rosidl_typesupport_fastrtps_cpp;rosidl_typesupport_introspection_cpp
[7.600s] -- Found python_cmake_module: 0.10.0 (/opt/ros/humble/share/python_cmake_module/cmake)
[7.637s] -- Using PYTHON_EXECUTABLE: /usr/bin/python3
[7.637s] -- Using PYTHON_INCLUDE_DIRS: /usr/include/python3.10
[7.637s] -- Using PYTHON_LIBRARIES: /usr/lib/x86_64-linux-gnu/libpython3.10.so
[7.735s] -- Configuring done
[7.828s] -- Generating done
[7.848s] -- Build files have been written to: /home/kimani21/servo_ws/build/servo_control
[7.913s] [35m[1mConsolidate compiler generated dependencies of target servo_control__rosidl_generator_c[0m
[7.941s] [  3%] Built target servo_control__cpp
[7.944s] [ 12%] Built target servo_control__rosidl_generator_c
[7.988s] [35m[1mConsolidate compiler generated dependencies of target servo_control__rosidl_typesupport_cpp[0m
[7.988s] [35m[1mConsolidate compiler generated dependencies of target servo_control__rosidl_typesupport_fastrtps_cpp[0m
[7.989s] [ 12%] Built target ament_cmake_python_copy_servo_control
[7.989s] [35m[1mConsolidate compiler generated dependencies of target servo_control__rosidl_typesupport_introspection_cpp[0m
[7.990s] [35m[1mConsolidate compiler generated dependencies of target servo_control__rosidl_typesupport_introspection_c[0m
[7.990s] [35m[1mConsolidate compiler generated dependencies of target servo_control__rosidl_typesupport_fastrtps_c[0m
[7.991s] [35m[1mConsolidate compiler generated dependencies of target servo_control__rosidl_typesupport_c[0m
[8.036s] [ 39%] Built target servo_control__rosidl_typesupport_fastrtps_cpp
[8.037s] [ 39%] Built target servo_control__rosidl_typesupport_introspection_c
[8.037s] [ 39%] Built target servo_control__rosidl_typesupport_cpp
[8.037s] [ 48%] Built target servo_control__rosidl_typesupport_c
[8.040s] [ 57%] Built target servo_control__rosidl_typesupport_introspection_cpp
[8.043s] [ 66%] Built target servo_control__rosidl_typesupport_fastrtps_c
[8.069s] [35m[1mConsolidate compiler generated dependencies of target servo_service_node[0m
[8.106s] [ 66%] Built target servo_control
[8.113s] [ 72%] Built target servo_service_node
[8.168s] [ 75%] Built target servo_control__py
[8.194s] [35m[1mConsolidate compiler generated dependencies of target servo_control__rosidl_generator_py[0m
[8.222s] [ 81%] Built target servo_control__rosidl_generator_py
[8.250s] [35m[1mConsolidate compiler generated dependencies of target servo_control__rosidl_typesupport_c__pyext[0m
[8.250s] [35m[1mConsolidate compiler generated dependencies of target servo_control__rosidl_typesupport_introspection_c__pyext[0m
[8.253s] [35m[1mConsolidate compiler generated dependencies of target servo_control__rosidl_typesupport_fastrtps_c__pyext[0m
[8.285s] [ 87%] Built target servo_control__rosidl_typesupport_c__pyext
[8.285s] [ 93%] Built target servo_control__rosidl_typesupport_fastrtps_c__pyext
[8.286s] [100%] Built target servo_control__rosidl_typesupport_introspection_c__pyext
[8.424s] running egg_info
[8.426s] writing servo_control.egg-info/PKG-INFO
[8.426s] writing dependency_links to servo_control.egg-info/dependency_links.txt
[8.426s] writing top-level names to servo_control.egg-info/top_level.txt
[8.431s] reading manifest file 'servo_control.egg-info/SOURCES.txt'
[8.432s] writing manifest file 'servo_control.egg-info/SOURCES.txt'
[8.475s] [100%] Built target ament_cmake_python_build_servo_control_egg
[8.499s] Invoked command in '/home/kimani21/servo_ws/build/servo_control' returned '0': AMENT_PREFIX_PATH=/home/kimani21/servo_ws/install/serial:${AMENT_PREFIX_PATH} CMAKE_PREFIX_PATH=/home/kimani21/servo_ws/install/serial:${CMAKE_PREFIX_PATH} LD_LIBRARY_PATH=/home/kimani21/servo_ws/install/serial/lib:${LD_LIBRARY_PATH} /usr/bin/cmake --build /home/kimani21/servo_ws/build/servo_control -- -j8 -l8
[8.501s] Invoking command in '/home/kimani21/servo_ws/build/servo_control': AMENT_PREFIX_PATH=/home/kimani21/servo_ws/install/serial:${AMENT_PREFIX_PATH} CMAKE_PREFIX_PATH=/home/kimani21/servo_ws/install/serial:${CMAKE_PREFIX_PATH} LD_LIBRARY_PATH=/home/kimani21/servo_ws/install/serial/lib:${LD_LIBRARY_PATH} /usr/bin/cmake --install /home/kimani21/servo_ws/build/servo_control
[8.519s] -- Install configuration: ""
[8.519s] -- Up-to-date: /home/kimani21/servo_ws/install/servo_control/share/ament_index/resource_index/rosidl_interfaces/servo_control
[8.520s] -- Up-to-date: /home/kimani21/servo_ws/install/servo_control/include/servo_control/servo_control
[8.520s] -- Up-to-date: /home/kimani21/servo_ws/install/servo_control/include/servo_control/servo_control/msg
[8.520s] -- Up-to-date: /home/kimani21/servo_ws/install/servo_control/include/servo_control/servo_control/msg/rosidl_generator_c__visibility_control.h
[8.520s] -- Up-to-date: /home/kimani21/servo_ws/install/servo_control/include/servo_control/servo_control/srv
[8.520s] -- Up-to-date: /home/kimani21/servo_ws/install/servo_control/include/servo_control/servo_control/srv/detail
[8.521s] -- Up-to-date: /home/kimani21/servo_ws/install/servo_control/include/servo_control/servo_control/srv/detail/set_servo_angle__type_support.h
[8.521s] -- Up-to-date: /home/kimani21/servo_ws/install/servo_control/include/servo_control/servo_control/srv/detail/set_servo_angle__functions.h
[8.521s] -- Up-to-date: /home/kimani21/servo_ws/install/servo_control/include/servo_control/servo_control/srv/detail/set_servo_angle__struct.h
[8.521s] -- Up-to-date: /home/kimani21/servo_ws/install/servo_control/include/servo_control/servo_control/srv/detail/set_servo_angle__functions.c
[8.521s] -- Up-to-date: /home/kimani21/servo_ws/install/servo_control/include/servo_control/servo_control/srv/set_servo_angle.h
[8.522s] -- Up-to-date: /home/kimani21/servo_ws/install/servo_control/share/servo_control/environment/library_path.sh
[8.522s] -- Installing: /home/kimani21/servo_ws/install/servo_control/share/servo_control/environment/library_path.dsv
[8.524s] -- Up-to-date: /home/kimani21/servo_ws/install/servo_control/lib/libservo_control__rosidl_generator_c.so
[8.525s] -- Up-to-date: /home/kimani21/servo_ws/install/servo_control/include/servo_control/servo_control
[8.525s] -- Up-to-date: /home/kimani21/servo_ws/install/servo_control/include/servo_control/servo_control/msg
[8.525s] -- Up-to-date: /home/kimani21/servo_ws/install/servo_control/include/servo_control/servo_control/msg/rosidl_typesupport_fastrtps_c__visibility_control.h
[8.525s] -- Up-to-date: /home/kimani21/servo_ws/install/servo_control/include/servo_control/servo_control/srv
[8.526s] -- Up-to-date: /home/kimani21/servo_ws/install/servo_control/include/servo_control/servo_control/srv/detail
[8.526s] -- Up-to-date: /home/kimani21/servo_ws/install/servo_control/include/servo_control/servo_control/srv/detail/set_servo_angle__rosidl_typesupport_fastrtps_c.h
[8.528s] -- Up-to-date: /home/kimani21/servo_ws/install/servo_control/lib/libservo_control__rosidl_typesupport_fastrtps_c.so
[8.528s] -- Up-to-date: /home/kimani21/servo_ws/install/servo_control/include/servo_control/servo_control
[8.528s] -- Up-to-date: /home/kimani21/servo_ws/install/servo_control/include/servo_control/servo_control/msg
[8.529s] -- Up-to-date: /home/kimani21/servo_ws/install/servo_control/include/servo_control/servo_control/msg/rosidl_generator_cpp__visibility_control.hpp
[8.529s] -- Up-to-date: /home/kimani21/servo_ws/install/servo_control/include/servo_control/servo_control/srv
[8.529s] -- Up-to-date: /home/kimani21/servo_ws/install/servo_control/include/servo_control/servo_control/srv/detail
[8.529s] -- Up-to-date: /home/kimani21/servo_ws/install/servo_control/include/servo_control/servo_control/srv/detail/set_servo_angle__traits.hpp
[8.529s] -- Up-to-date: /home/kimani21/servo_ws/install/servo_control/include/servo_control/servo_control/srv/detail/set_servo_angle__builder.hpp
[8.530s] -- Up-to-date: /home/kimani21/servo_ws/install/servo_control/include/servo_control/servo_control/srv/detail/set_servo_angle__struct.hpp
[8.530s] -- Up-to-date: /home/kimani21/servo_ws/install/servo_control/include/servo_control/servo_control/srv/detail/set_servo_angle__type_support.hpp
[8.530s] -- Up-to-date: /home/kimani21/servo_ws/install/servo_control/include/servo_control/servo_control/srv/set_servo_angle.hpp
[8.530s] -- Up-to-date: /home/kimani21/servo_ws/install/servo_control/include/servo_control/servo_control
[8.530s] -- Up-to-date: /home/kimani21/servo_ws/install/servo_control/include/servo_control/servo_control/msg
[8.530s] -- Up-to-date: /home/kimani21/servo_ws/install/servo_control/include/servo_control/servo_control/msg/rosidl_typesupport_fastrtps_cpp__visibility_control.h
[8.530s] -- Up-to-date: /home/kimani21/servo_ws/install/servo_control/include/servo_control/servo_control/srv
[8.531s] -- Up-to-date: /home/kimani21/servo_ws/install/servo_control/include/servo_control/servo_control/srv/detail
[8.531s] -- Up-to-date: /home/kimani21/servo_ws/install/servo_control/include/servo_control/servo_control/srv/detail/set_servo_angle__rosidl_typesupport_fastrtps_cpp.hpp
[8.531s] -- Up-to-date: /home/kimani21/servo_ws/install/servo_control/include/servo_control/servo_control/srv/detail/dds_fastrtps
[8.533s] -- Up-to-date: /home/kimani21/servo_ws/install/servo_control/lib/libservo_control__rosidl_typesupport_fastrtps_cpp.so
[8.534s] -- Up-to-date: /home/kimani21/servo_ws/install/servo_control/include/servo_control/servo_control
[8.534s] -- Up-to-date: /home/kimani21/servo_ws/install/servo_control/include/servo_control/servo_control/msg
[8.534s] -- Up-to-date: /home/kimani21/servo_ws/install/servo_control/include/servo_control/servo_control/msg/rosidl_typesupport_introspection_c__visibility_control.h
[8.534s] -- Up-to-date: /home/kimani21/servo_ws/install/servo_control/include/servo_control/servo_control/srv
[8.535s] -- Up-to-date: /home/kimani21/servo_ws/install/servo_control/include/servo_control/servo_control/srv/detail
[8.535s] -- Up-to-date: /home/kimani21/servo_ws/install/servo_control/include/servo_control/servo_control/srv/detail/set_servo_angle__type_support.c
[8.535s] -- Up-to-date: /home/kimani21/servo_ws/install/servo_control/include/servo_control/servo_control/srv/detail/set_servo_angle__rosidl_typesupport_introspection_c.h
[8.536s] -- Up-to-date: /home/kimani21/servo_ws/install/servo_control/lib/libservo_control__rosidl_typesupport_introspection_c.so
[8.537s] -- Up-to-date: /home/kimani21/servo_ws/install/servo_control/lib/libservo_control__rosidl_typesupport_c.so
[8.537s] -- Up-to-date: /home/kimani21/servo_ws/install/servo_control/include/servo_control/servo_control
[8.538s] -- Up-to-date: /home/kimani21/servo_ws/install/servo_control/include/servo_control/servo_control/srv
[8.538s] -- Up-to-date: /home/kimani21/servo_ws/install/servo_control/include/servo_control/servo_control/srv/detail
[8.538s] -- Up-to-date: /home/kimani21/servo_ws/install/servo_control/include/servo_control/servo_control/srv/detail/set_servo_angle__rosidl_typesupport_introspection_cpp.hpp
[8.538s] -- Up-to-date: /home/kimani21/servo_ws/install/servo_control/include/servo_control/servo_control/srv/detail/set_servo_angle__type_support.cpp
[8.540s] -- Up-to-date: /home/kimani21/servo_ws/install/servo_control/lib/libservo_control__rosidl_typesupport_introspection_cpp.so
[8.542s] -- Up-to-date: /home/kimani21/servo_ws/install/servo_control/lib/libservo_control__rosidl_typesupport_cpp.so
[8.542s] -- Up-to-date: /home/kimani21/servo_ws/install/servo_control/share/servo_control/environment/pythonpath.sh
[8.542s] -- Installing: /home/kimani21/servo_ws/install/servo_control/share/servo_control/environment/pythonpath.dsv
[8.543s] -- Up-to-date: /home/kimani21/servo_ws/install/servo_control/local/lib/python3.10/dist-packages/servo_control-0.0.1-py3.10.egg-info
[8.543s] -- Installing: /home/kimani21/servo_ws/install/servo_control/local/lib/python3.10/dist-packages/servo_control-0.0.1-py3.10.egg-info/SOURCES.txt
[8.544s] -- Installing: /home/kimani21/servo_ws/install/servo_control/local/lib/python3.10/dist-packages/servo_control-0.0.1-py3.10.egg-info/top_level.txt
[8.544s] -- Installing: /home/kimani21/servo_ws/install/servo_control/local/lib/python3.10/dist-packages/servo_control-0.0.1-py3.10.egg-info/PKG-INFO
[8.544s] -- Installing: /home/kimani21/servo_ws/install/servo_control/local/lib/python3.10/dist-packages/servo_control-0.0.1-py3.10.egg-info/dependency_links.txt
[8.544s] -- Up-to-date: /home/kimani21/servo_ws/install/servo_control/local/lib/python3.10/dist-packages/servo_control
[8.544s] -- Up-to-date: /home/kimani21/servo_ws/install/servo_control/local/lib/python3.10/dist-packages/servo_control/servo_control_s__rosidl_typesupport_c.cpython-310-x86_64-linux-gnu.so
[8.545s] -- Up-to-date: /home/kimani21/servo_ws/install/servo_control/local/lib/python3.10/dist-packages/servo_control/_servo_control_s.ep.rosidl_typesupport_fastrtps_c.c
[8.545s] -- Up-to-date: /home/kimani21/servo_ws/install/servo_control/local/lib/python3.10/dist-packages/servo_control/servo_control_s__rosidl_typesupport_introspection_c.cpython-310-x86_64-linux-gnu.so
[8.545s] -- Up-to-date: /home/kimani21/servo_ws/install/servo_control/local/lib/python3.10/dist-packages/servo_control/libservo_control__rosidl_generator_py.so
[8.545s] -- Installing: /home/kimani21/servo_ws/install/servo_control/local/lib/python3.10/dist-packages/servo_control/__init__.py
[8.545s] -- Up-to-date: /home/kimani21/servo_ws/install/servo_control/local/lib/python3.10/dist-packages/servo_control/_servo_control_s.ep.rosidl_typesupport_c.c
[8.546s] -- Up-to-date: /home/kimani21/servo_ws/install/servo_control/local/lib/python3.10/dist-packages/servo_control/_servo_control_s.ep.rosidl_typesupport_introspection_c.c
[8.546s] -- Up-to-date: /home/kimani21/servo_ws/install/servo_control/local/lib/python3.10/dist-packages/servo_control/servo_control_s__rosidl_typesupport_fastrtps_c.cpython-310-x86_64-linux-gnu.so
[8.546s] -- Up-to-date: /home/kimani21/servo_ws/install/servo_control/local/lib/python3.10/dist-packages/servo_control/srv
[8.546s] -- Up-to-date: /home/kimani21/servo_ws/install/servo_control/local/lib/python3.10/dist-packages/servo_control/srv/__init__.py
[8.546s] -- Up-to-date: /home/kimani21/servo_ws/install/servo_control/local/lib/python3.10/dist-packages/servo_control/srv/_set_servo_angle.py
[8.546s] -- Up-to-date: /home/kimani21/servo_ws/install/servo_control/local/lib/python3.10/dist-packages/servo_control/srv/_set_servo_angle_s.c
[8.598s] Listing '/home/kimani21/servo_ws/install/servo_control/local/lib/python3.10/dist-packages/servo_control'...
[8.598s] Compiling '/home/kimani21/servo_ws/install/servo_control/local/lib/python3.10/dist-packages/servo_control/__init__.py'...
[8.598s] Listing '/home/kimani21/servo_ws/install/servo_control/local/lib/python3.10/dist-packages/servo_control/srv'...
[8.605s] -- Up-to-date: /home/kimani21/servo_ws/install/servo_control/local/lib/python3.10/dist-packages/servo_control/servo_control_s__rosidl_typesupport_fastrtps_c.cpython-310-x86_64-linux-gnu.so
[8.606s] -- Up-to-date: /home/kimani21/servo_ws/install/servo_control/local/lib/python3.10/dist-packages/servo_control/servo_control_s__rosidl_typesupport_introspection_c.cpython-310-x86_64-linux-gnu.so
[8.608s] -- Up-to-date: /home/kimani21/servo_ws/install/servo_control/local/lib/python3.10/dist-packages/servo_control/servo_control_s__rosidl_typesupport_c.cpython-310-x86_64-linux-gnu.so
[8.609s] -- Up-to-date: /home/kimani21/servo_ws/install/servo_control/lib/libservo_control__rosidl_generator_py.so
[8.609s] -- Up-to-date: /home/kimani21/servo_ws/install/servo_control/share/servo_control/srv/SetServoAngle.idl
[8.609s] -- Up-to-date: /home/kimani21/servo_ws/install/servo_control/share/servo_control/srv/SetServoAngle.srv
[8.609s] -- Up-to-date: /home/kimani21/servo_ws/install/servo_control/share/servo_control/srv/SetServoAngle_Request.msg
[8.609s] -- Up-to-date: /home/kimani21/servo_ws/install/servo_control/share/servo_control/srv/SetServoAngle_Response.msg
[8.611s] -- Up-to-date: /home/kimani21/servo_ws/install/servo_control/lib/servo_control/servo_service_node
[8.611s] -- Up-to-date: /home/kimani21/servo_ws/install/servo_control/share/ament_index/resource_index/package_run_dependencies/servo_control
[8.611s] -- Up-to-date: /home/kimani21/servo_ws/install/servo_control/share/ament_index/resource_index/parent_prefix_path/servo_control
[8.612s] -- Up-to-date: /home/kimani21/servo_ws/install/servo_control/share/servo_control/environment/ament_prefix_path.sh
[8.612s] -- Installing: /home/kimani21/servo_ws/install/servo_control/share/servo_control/environment/ament_prefix_path.dsv
[8.612s] -- Up-to-date: /home/kimani21/servo_ws/install/servo_control/share/servo_control/environment/path.sh
[8.612s] -- Installing: /home/kimani21/servo_ws/install/servo_control/share/servo_control/environment/path.dsv
[8.612s] -- Up-to-date: /home/kimani21/servo_ws/install/servo_control/share/servo_control/local_setup.bash
[8.613s] -- Up-to-date: /home/kimani21/servo_ws/install/servo_control/share/servo_control/local_setup.sh
[8.613s] -- Up-to-date: /home/kimani21/servo_ws/install/servo_control/share/servo_control/local_setup.zsh
[8.613s] -- Installing: /home/kimani21/servo_ws/install/servo_control/share/servo_control/local_setup.dsv
[8.613s] -- Installing: /home/kimani21/servo_ws/install/servo_control/share/servo_control/package.dsv
[8.613s] -- Up-to-date: /home/kimani21/servo_ws/install/servo_control/share/ament_index/resource_index/packages/servo_control
[8.614s] -- Up-to-date: /home/kimani21/servo_ws/install/servo_control/share/servo_control/cmake/export_servo_control__rosidl_generator_cExport.cmake
[8.614s] -- Up-to-date: /home/kimani21/servo_ws/install/servo_control/share/servo_control/cmake/export_servo_control__rosidl_generator_cExport-noconfig.cmake
[8.615s] -- Up-to-date: /home/kimani21/servo_ws/install/servo_control/share/servo_control/cmake/export_servo_control__rosidl_typesupport_fastrtps_cExport.cmake
[8.615s] -- Up-to-date: /home/kimani21/servo_ws/install/servo_control/share/servo_control/cmake/export_servo_control__rosidl_typesupport_fastrtps_cExport-noconfig.cmake
[8.615s] -- Up-to-date: /home/kimani21/servo_ws/install/servo_control/share/servo_control/cmake/export_servo_control__rosidl_generator_cppExport.cmake
[8.616s] -- Up-to-date: /home/kimani21/servo_ws/install/servo_control/share/servo_control/cmake/export_servo_control__rosidl_typesupport_fastrtps_cppExport.cmake
[8.616s] -- Up-to-date: /home/kimani21/servo_ws/install/servo_control/share/servo_control/cmake/export_servo_control__rosidl_typesupport_fastrtps_cppExport-noconfig.cmake
[8.617s] -- Up-to-date: /home/kimani21/servo_ws/install/servo_control/share/servo_control/cmake/servo_control__rosidl_typesupport_introspection_cExport.cmake
[8.617s] -- Up-to-date: /home/kimani21/servo_ws/install/servo_control/share/servo_control/cmake/servo_control__rosidl_typesupport_introspection_cExport-noconfig.cmake
[8.618s] -- Up-to-date: /home/kimani21/servo_ws/install/servo_control/share/servo_control/cmake/servo_control__rosidl_typesupport_cExport.cmake
[8.618s] -- Up-to-date: /home/kimani21/servo_ws/install/servo_control/share/servo_control/cmake/servo_control__rosidl_typesupport_cExport-noconfig.cmake
[8.618s] -- Up-to-date: /home/kimani21/servo_ws/install/servo_control/share/servo_control/cmake/servo_control__rosidl_typesupport_introspection_cppExport.cmake
[8.618s] -- Up-to-date: /home/kimani21/servo_ws/install/servo_control/share/servo_control/cmake/servo_control__rosidl_typesupport_introspection_cppExport-noconfig.cmake
[8.619s] -- Up-to-date: /home/kimani21/servo_ws/install/servo_control/share/servo_control/cmake/servo_control__rosidl_typesupport_cppExport.cmake
[8.619s] -- Up-to-date: /home/kimani21/servo_ws/install/servo_control/share/servo_control/cmake/servo_control__rosidl_typesupport_cppExport-noconfig.cmake
[8.620s] -- Up-to-date: /home/kimani21/servo_ws/install/servo_control/share/servo_control/cmake/export_servo_control__rosidl_generator_pyExport.cmake
[8.620s] -- Up-to-date: /home/kimani21/servo_ws/install/servo_control/share/servo_control/cmake/export_servo_control__rosidl_generator_pyExport-noconfig.cmake
[8.620s] -- Up-to-date: /home/kimani21/servo_ws/install/servo_control/share/servo_control/cmake/rosidl_cmake-extras.cmake
[8.620s] -- Up-to-date: /home/kimani21/servo_ws/install/servo_control/share/servo_control/cmake/ament_cmake_export_include_directories-extras.cmake
[8.620s] -- Up-to-date: /home/kimani21/servo_ws/install/servo_control/share/servo_control/cmake/ament_cmake_export_libraries-extras.cmake
[8.620s] -- Up-to-date: /home/kimani21/servo_ws/install/servo_control/share/servo_control/cmake/ament_cmake_export_targets-extras.cmake
[8.621s] -- Up-to-date: /home/kimani21/servo_ws/install/servo_control/share/servo_control/cmake/rosidl_cmake_export_typesupport_targets-extras.cmake
[8.621s] -- Up-to-date: /home/kimani21/servo_ws/install/servo_control/share/servo_control/cmake/ament_cmake_export_dependencies-extras.cmake
[8.621s] -- Up-to-date: /home/kimani21/servo_ws/install/servo_control/share/servo_control/cmake/rosidl_cmake_export_typesupport_libraries-extras.cmake
[8.621s] -- Up-to-date: /home/kimani21/servo_ws/install/servo_control/share/servo_control/cmake/servo_controlConfig.cmake
[8.621s] -- Up-to-date: /home/kimani21/servo_ws/install/servo_control/share/servo_control/cmake/servo_controlConfig-version.cmake
[8.621s] -- Installing: /home/kimani21/servo_ws/install/servo_control/share/servo_control/package.xml
[8.624s] Invoked command in '/home/kimani21/servo_ws/build/servo_control' returned '0': AMENT_PREFIX_PATH=/home/kimani21/servo_ws/install/serial:${AMENT_PREFIX_PATH} CMAKE_PREFIX_PATH=/home/kimani21/servo_ws/install/serial:${CMAKE_PREFIX_PATH} LD_LIBRARY_PATH=/home/kimani21/servo_ws/install/serial/lib:${LD_LIBRARY_PATH} /usr/bin/cmake --install /home/kimani21/servo_ws/build/servo_control
